URL: https://www.charleskeith.jp/jp/bags/workwear
==================================================

…
…
お知らせ
全て
プロモーション
ニュース
新しいメッセージはありません。お得な情報や最新のアップデートをお楽しみに！
ご注文ステータスが更新されました。
ご注文は処理中です。
パスワードをお忘れですか?
SS26 コレクション |  2/10(Tue) Launch
新規会員登録で10％OFFのクーポンプレゼント！
2万円以上でいつでも10％OFFが適用される
ゴールド会員
に。
LINEお友だち追加＋アカウント連携でクーポンプレゼント！
現在お問い合わせが混み合っており、返信までお時間をいただく場合がございます。
CHARLES & KEITH (チャールズアンドキース) HOME
バッグ
通勤・通学
通勤バッグ (レディース)
働く女性のための通勤バッグは、シックで洗練されたプロフェッショナルな印象を兼ね備え、どんなオフィススタイルにもマッチする完璧なアイテムです。定番のニュートラルトーンのハンドバッグなら、どんなシーンでも間違いなし。オフィスファッションにひと味加えたいときは、目を引くデザインや鮮やかなカラーのバッグを取り入れて、個性を演出してみてはいかがでしょうか。
働く女性のための通勤バッグは、シックで洗練されたプロフェッショナルな印象を兼ね備え、どんなオフィススタイルにもマッチする完璧なアイテムです。定番のニュートラルトーンのハンドバッグなら、どんなシーンでも間違いなし。オフィスファッションにひと味加えたいときは、目を引くデザインや鮮やかなカラーのバッグを取り入れて、個性を演出してみてはいかがでしょうか。
フィルター
111
商品の
1
-
24
を表示中
表示：3列
表示：
3
4
6
111 商品
カラー
クリア
ブラック
(39)
ブラウン
(20)
ニュートラル
(13)
ホワイト
(13)
グレー
(7)
マルチカラー
(3)
パープル
(3)
レッド
(3)
ブルー
(2)
メタリック
(2)
イエロー
(2)
グリーン
(1)
ピンク
(1)
もっと見る
サイズ
クリア
S
(10)
M
(23)
L
(53)
XL
(25)
素材
クリア
合成皮革 / フェイクレザー
(68)
スエード
(6)
ファブリック
(2)
ストロー & ラフィア
(2)
価格帯
リセット
¥ 10,900
TO
¥ 19,900
FROM
TO
戻る
次
L
¥ 16,900
バッグに追加
サイズを選択してください
再入荷
Nasrin ナスリン ジオメトリックトートバッグ
-
マルチ
¥ 16,900
戻る
次
L
¥ 16,900
バッグに追加
サイズを選択してください
再入荷
Nasrin ナスリン ジオメトリックトートバッグ
-
ノワール
¥ 16,900
戻る
次
L
¥ 16,900
バッグに追加
サイズを選択してください
新着
Nasrin ナスリン ジオメトリックトートバッグ
-
チョコレート
¥ 16,900
戻る
次
L
¥ 13,900
バッグに追加
サイズを選択してください
Sianna シアンナ チェーンハンドルショルダーバッグ
-
ディストレスドタン
¥ 13,900
戻る
次
L
¥ 13,900
バッグに追加
サイズを選択してください
Sianna シアンナ チェーンハンドルショルダーバッグ
-
グレー
¥ 13,900
戻る
次
XL
¥ 16,900
バッグに追加
サイズを選択してください
再入荷
Calla カルラ ラージトートバッグ
-
ワインベリーレッド
¥ 16,900
戻る
次
L
¥ 14,900
バッグに追加
サイズを選択してください
再入荷
Calla カルラ トートバッグ
-
オーツ
¥ 14,900
戻る
次
XL
¥ 13,900
バッグに追加
サイズを選択してください
オンライン限定商品
Lyla ライラ チューブラスラウチートートバッグ
-
チョコレート
¥ 13,900
戻る
次
XL
¥ 13,900
バッグに追加
サイズを選択してください
再入荷
Lyla ライラ チューブラスラウチートートバッグ
-
ブラック
¥ 13,900
戻る
次
XL
¥ 13,900
バッグに追加
サイズを選択してください
再入荷
Lyla ライラ チューブラスラウチートートバッグ
-
エスプレッソブラウン
¥ 13,900
戻る
次
XL
¥ 13,900
バッグに追加
サイズを選択してください
再入荷
Lyla ライラ チューブラスラウチートートバッグ
-
マルベリープラム
¥ 13,900
戻る
次
M
¥ 12,900
バッグに追加
サイズを選択してください
再入荷
Lyla ミニライラ チューブラートートバッグ
-
チョコレート
¥ 12,900
戻る
次
M
¥ 12,900
バッグに追加
サイズを選択してください
再入荷
Lyla ミニライラ チューブラートートバッグ
-
ブラック
¥ 12,900
戻る
次
M
¥ 12,900
バッグに追加
サイズを選択してください
再入荷
Lyla ミニライラ チューブラートートバッグ
-
トープ
¥ 12,900
戻る
次
XL
¥ 19,900
バッグに追加
サイズを選択してください
Chance チャンス レザーボウリングバッグ
-
ブラック
¥ 19,900
戻る
次
L
¥ 14,900
バッグに追加
サイズを選択してください
再入荷
Zora ゾラ バックルストラップホーボーバッグ
-
プラム
¥ 14,900
戻る
次
L
¥ 14,900
バッグに追加
サイズを選択してください
再入荷
Zora ゾラ バックルストラップホーボーバッグ
-
ノワール
¥ 14,900
戻る
次
L
¥ 13,900
バッグに追加
サイズを選択してください
Shania シャナイア ダブルハンドルスラウチーバッグ
-
ダストオーツ
¥ 13,900
戻る
次
L
¥ 13,900
バッグに追加
サイズを選択してください
再入荷
Shania シャナイア ダブルハンドルスラウチーバッグ
-
ブラック
¥ 13,900
戻る
次
L
¥ 13,900
バッグに追加
サイズを選択してください
再入荷
Shania シャナイア ダブルハンドルスラウチーバッグ
-
チョコレート
¥ 13,900
戻る
次
L
¥ 13,900
バッグに追加
サイズを選択してください
再入荷
Shania シャナイア ダブルハンドルスラウチーバッグ
-
クリーム
¥ 13,900
戻る
次
L
¥ 13,900
バッグに追加
サイズを選択してください
再入荷
Shania シャナイア ダブルハンドルスラウチーバッグ
-
チョコレート
¥ 13,900
戻る
次
L
¥ 14,900
バッグに追加
サイズを選択してください
Sianna ラージシアンナ ボウリングバッグ
-
マルチ
¥ 14,900
戻る
次
XL
¥ 16,900
バッグに追加
サイズを選択してください
Arlet アラート ダブルハンドルベルトトートバッグ
-
ブラック
¥ 16,900
もっと見る
送料無料
一定金額以上のご購入が必要です*
サイズ交換
１回無料
初回購入10%OFF
会員登録＋ニュースレター購読
新着商品
シューズ
バッグ
財布
ファッション雑貨
おすすめのギフトURL: https://www.nissen.co.jp/s/shoes/AC18SP103/?srsltid=AfmBOor409dNBiN6GkPXLdTcsHUImD9L6QOb8Tzg0AWAeREO10Nmrs4j
==================================================

このカテゴリの絞り込み履歴
選択して削除する
すべて見る
閉じる
カテゴリから探す
すべてのカテゴリ
靴(レディース)・バッグ・アクセサリー
バッグ(鞄)
すべてのバッグ(鞄)
（74）
ショルダーバッグ
（8）
トートバッグ
（37）
リュック・バックパック
（29）
色
ホワイト
ブラック
グレー
ブラウン
ベージュ
グリーン
ブルー
ネイビー
シルバー
パープル
イエロー
ピンク
レッド
オレンジ
ミックス
すべて見る
ブランド
anelloGRANDE
FILA
Legato Largo
polka polka
カタログ掲載・新着商品
カタログ掲載
レディース通勤バッグ（オフィスバッグ）
通勤バッグを選ぶ
検索する
絞込みを解除する
オススメ順
オススメ順
新着順
売れ筋順
価格の低い順
価格の高い順
OFF率の高い順
レビュー評価順
レビュー件数順
お気に入り点数順
1
全
74
品中
1件-74件
１４ポケットダイバー風素材２WAYトートバッグ（ＰＣ収納）（Ａ４対応）（ミニポーチチャーム付）Poché Lab（ポッシェ ラボ）
¥6,990
(税込¥7,689)
Y
カード会員限定5%OFF
10ポケット多収納トートバッグ（A4対応）
¥2,990
(税込¥3,289)
3.73
(52件)
Y
カード会員限定5%OFF
ドンドン割MAX10%OFF
ハンドルデザイン２WAYトートバッグ
¥4,900
(税込¥5,390)
4.00
(16件)
Y
ドンドン割MAX10%OFF
3つの仕切りキャンバスミニトートバッグ
¥2,500
(税込¥2,750)
3.75
(12件)
Y
ドンドン割MAX10%OFF
Legato Largo（レガートラルゴ）かるいかばん ボンディングフェイクレザー２WAYショルダーバッグ
¥3,990
(税込¥4,389)
〜
3.96
(49件)
Y
ドンドン割MAX10%OFF
PC収納付10ポケットスクエアトートバッグ（A4対応）
¥4,900
(税込¥5,390)
4.57
(7件)
Y
ドンドン割MAX10%OFF
【ニッセン限定商品】Legato Largo（レガートラルゴ）10ポケットショルダーバッグ（Ａ４対応）
¥4,990
(税込¥5,489)
3.81
(43件)
Y
ドンドン割MAX10%OFF
最大20%OFF
１０ポケット軽量はっ水肩に優しいリュックサック（PC収納）（Ａ４対応）（星チャーム付）Poche Lab（ポッシェ ラボ）
¥5,591
(税込¥6,150)
〜
4.67
(3件)
Y
ドンドン割MAX10%OFF
仕切りが3つのトートバッグ
¥3,990
(税込¥4,389)
3.21
(14件)
Y
ドンドン割MAX10%OFF
最大20%OFF
肩ひもやや長め　１０ポケット大容量！３室構造のはっ水２ＷＡＹトートバッグ（Ａ４対応）
¥3,191
(税込¥3,510)
〜
4.35
(17件)
Y
ドンドン割MAX10%OFF
10%OFF
2WAYバイカラーリボンポイントリュックサック
¥4,940
(税込¥5,434)
Y
ドンドン割MAX10%OFF
15%OFF
１０ポケット２WAYレトロデザインがま口ショルダーバッグPoche Lab（ポッシェ ラボ）
¥5,940
(税込¥6,534)
2.50
(2件)
Y
ドンドン割MAX10%OFF
最大29%OFF
【新色追加】Legato Largo（レガートラルゴ）かるいかばん PC収納リュック（A4対応）
¥4,899
(税込¥5,388)
〜
3.00
(2件)
Y
ドンドン割MAX10%OFF
anello GRANDE（アネログランデ）はっ水10ポケットリュック（A4対応）（ニッセン限定色有）
¥5,800
(税込¥6,380)
4.07
(15件)
Y
ドンドン割MAX10%OFF
30%OFF
10ポケット　リボンハンドル２ＷＡＹトートバッグ（A４対応・PC収納）
¥4,892
(税込¥5,381)
1.00
(1件)
Y
ドンドン割MAX10%OFF
30%OFF
ショルダーフィット１０ポケットはっ水スマートリュックサック（A４対応・PC収納）
¥4,892
(税込¥5,381)
4.67
(3件)
Y
ドンドン割MAX10%OFF
fulcro（フルクロ）10ポケット・13LR ポータルトートバッグ(A4対応・PC収納）
¥9,700
(税込¥10,670)
【会員限定】送料無料
4.00
(1件)
Y
ドンドン割MAX10%OFF
Legato Largo（レガートラルゴ）ネオノスタルジックトートバッグ（A4対応）
¥4,990
(税込¥5,489)
4.00
(21件)
Y
ドンドン割MAX10%OFF
anelloGRANDE（アネログランデ） バイカラーパイピング10ポケットスクエアリュック（A4対応）
¥5,800
(税込¥6,380)
3.80
(5件)
Y
ドンドン割MAX10%OFF
１０ポケットダイバー風素材リュックサック（ＰＣ収納）（Ａ４対応）（ミニポーチチャーム付）Poche Lab（ポッシェ ラボ）
¥6,990
(税込¥7,689)
Y
ドンドン割MAX10%OFF
多機能２WAYナースショルダーバッグ
¥2,490
(税込¥2,739)
5.00
(1件)
Y
ドンドン割MAX10%OFF
Legato Largo（レガートラルゴ）上品なデザインのリュックサック（A4対応・PC収納）
¥6,500
(税込¥7,150)
4.00
(2件)
Y
ドンドン割MAX10%OFF
anello GRANDE（アネログランデ)11ポケットはっ水アングルデイパック(A4対応・PC対応）
¥6,200
(税込¥6,820)
5.00
(1件)
Y
ドンドン割MAX10%OFF
10%OFF
１０ポケット外側ポケットが充実！シンプルトートバッグ（Ａ４対応）
¥4,410
(税込¥4,851)
4.00
(1件)
Y
ドンドン割MAX10%OFF
FILAツイル素材２WAYトートバッグ（Ａ４対応）
¥4,490
(税込¥4,939)
2.50
(2件)
Y
ドンドン割MAX10%OFF
A4ファイル収納トートバッグ
¥5,990
(税込¥6,589)
4.00
(1件)
Y
ドンドン割MAX10%OFF
10%OFF
１０ポケットフラップデザイン２ＷＡＹトートバッグ（Ａ４対応・ＰＣ収納対応）
¥5,390
(税込¥5,929)
4.50
(2件)
Y
ドンドン割MAX10%OFF
お仕事⇔推しごと両用11ポケット２WAYトートバッグ（A4対応・フライヤー収納）
¥8,990
(税込¥9,889)
3.91
(11件)
Y
ドンドン割MAX10%OFF
Legato Largo（レガートラルゴ）かるいかばん ボンディングフェイクレザーリュック（A4対応）
¥5,990
(税込¥6,589)
4.07
(27件)
Y
ドンドン割MAX10%OFF
polka polka(ポルカポルカ)合皮シンプルタックトートバッグ(A4対応）
¥2,500
(税込¥2,750)
3.57
(7件)
Y
ドンドン割MAX10%OFF
Legato Largo（レガートラルゴ）５ポケットミニトートバッグ
¥3,990
(税込¥4,389)
4.50
(2件)
Y
ドンドン割MAX10%OFF
10ポケット　軽量バイカラー２ＷＡＹリュック
¥5,990
(税込¥6,589)
2.00
(2件)
Y
ドンドン割MAX10%OFF
10%OFF
Jouet（ジョエット）微光沢10ポケット2WAYトートバッグ
¥4,490
(税込¥4,939)
4.50
(4件)
Y
ドンドン割MAX10%OFF
29%OFF
A4ファイル収納ビジネストートバッグ
¥4,199
(税込¥4,618)
4.00
(1件)
Y
Legato Largo（レガートラルゴ） ミニショルダーバッグ（ニッセン限定色有）
¥3,500
(税込¥3,850)
3.52
(23件)
Y
ドンドン割MAX10%OFF
１０ポケットHuguuuuuuuリュックサック（PC収納）（A4対応）Poche Lab（ポッシェ ラボ）
¥5,990
(税込¥6,589)
Y
ドンドン割MAX10%OFF
最大20%OFF
Legato Largo（レガートラルゴ）たすかるっ♪リュックサック（A4対応・PC収納）
¥4,960
(税込¥5,456)
〜
2.50
(2件)
Y
ドンドン割MAX10%OFF
Legato Largo（レガートラルゴ）フワリウォッシャブルナイロン2WAYトートバッグ（A4対応）
¥4,990
(税込¥5,489)
3.60
(5件)
Y
ドンドン割MAX10%OFF
１２ポケット本革コンビカラー２WAYトートバッグ（A４対応）Poche Lab（ポッシェ ラボ）
¥16,900
(税込¥18,590)
【会員限定】送料無料
Y
ドンドン割MAX10%OFF
polka polka(ポルカポルカ)合皮Vカットトートバッグ（A4対応）
¥3,500
(税込¥3,850)
2.00
(1件)
Y
ドンドン割MAX10%OFF
fulcro（フルクロ）18ポケットはっ水 30L Explorer バーティカルバックパック（A4対応・PC収納）
¥13,500
(税込¥14,850)
【会員限定】送料無料
Y
ドンドン割MAX10%OFF
最大34%OFF
シンプルタックトートバッグ
¥1,299
(税込¥1,428)
〜
3.60
(5件)
Y
ドンドン割MAX10%OFF
選べる２サイズ　１０ポケットPC収納付かるいリュックサック（Ａ４対応）（オフィス女子モニターコラボ）
¥6,990
(税込¥7,689)
4.50
(2件)
15インチPC対応 - 13インチPC対応
ドンドン割MAX10%OFF
１０ポケット肩ひも長め　星チャーム付２ＷＡＹトートバッグ（Ａ４対応）
¥5,490
(税込¥6,039)
3.00
(1件)
Y
ドンドン割MAX10%OFF
20%OFF
１２ポケットはっ水マーブル柄樹脂プレート付２WAYトートバッグ（PC収納）（Ａ４対応）人間工学（日本女子大学&Idiom監修）Poche Lab（ポッシェ ラボ）
¥7,191
(税込¥7,910)
3.00
(2件)
Y
ドンドン割MAX10%OFF
Legato Largo（レガートラルゴ）肩楽はっ水ナイロン PC収納トート（A4対応）
¥4,500
(税込¥4,950)
3.33
(3件)
Y
ドンドン割MAX10%OFF
polka polka(ポルカポルカ)１１ポケットMY BUDDYリュックサック
¥6,990
(税込¥7,689)
Y
ドンドン割MAX10%OFF
anello GRANDE（アネログランデ)サブレ １０ポケットハンドル付軽量はっ水デイパック（A4対応・PC収納）
¥6,200
(税込¥6,820)
Y
ドンドン割MAX10%OFF
１２ポケットHuguuuuuuu２WAYトートバッグ（A４対応）Poche Lab（ポッシェ ラボ）
¥5,990
(税込¥6,589)
3.00
(4件)
Y
ドンドン割MAX10%OFF
Legato Largo（レガートラルゴ）上品なデザインの縦型トートバッグ（A4対応・PC収納）
¥5,500
(税込¥6,050)
Y
ドンドン割MAX10%OFF
最大20%OFF
Legato Largo（レガートラルゴ）ネオノスタルジックリュック（A4対応）
¥4,791
(税込¥5,270)
〜
3.80
(5件)
Y
ドンドン割MAX10%OFF
Legato Largo（レガートラルゴ）10ポケットはっ水ドロストデザインリュック（A4対応）
¥6,500
(税込¥7,150)
3.33
(3件)
Y
ドンドン割MAX10%OFF
最大30%OFF
１１ポケット肩ひも長め　２WAYトートバッグ（A4対応）（PC収納）
¥4,192
(税込¥4,611)
〜
4.00
(2件)
Y
ドンドン割MAX10%OFF
10%OFF
体に添って持ちやすい10ポケット3WAYショルダーバッグ（A4対応）
¥5,390
(税込¥5,929)
3.40
(5件)
Y
ドンドン割MAX10%OFF
ナイロン三角リュック（Ａ４対応）
¥4,900
(税込¥5,390)
4.00
(1件)
Y
ドンドン割MAX10%OFF
タックデザイン10ポケットトートバッグ（A4対応）
¥4,990
(税込¥5,489)
3.40
(5件)
Y
シンプルデザイントートバッグ（A4対応）
¥4,900
(税込¥5,390)
3.00
(4件)
Y
ドンドン割MAX10%OFF
10ポケット帆布2WAYトートバッグ（A4対応）
¥3,500
(税込¥3,850)
3.50
(42件)
Y
ドンドン割MAX10%OFF
合皮トライアングルカットトートバッグ
¥2,700
(税込¥2,970)
Y
ドンドン割MAX10%OFF
polka polka(ポルカポルカ)パーテーション仕様10ポケットトートバッグ
¥3,990
(税込¥4,389)
Y
Legato Largo（レガートラルゴ）１０ポケットPC収納付かるいトートバッグ（A４対応）(オフィス女子モニターコラボ)
¥7,990
(税込¥8,789)
3.55
(11件)
Y
ドンドン割MAX10%OFF
fulcro（フルクロ）Co-work 16ポケットはっ水多機能バックパック（A4対応・PC収納）
¥10,900
(税込¥11,990)
【会員限定】送料無料
Y
ドンドン割MAX10%OFF
fulcro（フルクロ）14ポケットはっ水Cityオブロングバックパック（A4対応・PC収納）
¥9,900
(税込¥10,890)
【会員限定】送料無料
Y
ドンドン割MAX10%OFF
fulcro（フルクロ）14ポケットExplorer 両面はっ水バックパックプロ（A4対応・PC収納）
¥16,900
(税込¥18,590)
【会員限定】送料無料
Y
ドンドン割MAX10%OFF
fulcro（フルクロ）15ポケット・16L ESSENCEダブルハンドルはっ水バックパック（A4対応・PC収納）
¥9,500
(税込¥10,450)
【会員限定】送料無料
Y
ドンドン割MAX10%OFF
Legato Largo（レガートラルゴ）はっ水ドロストショルダーバック （A4対応）
¥3,900
(税込¥4,290)
4.00
(1件)
Y
ドンドン割MAX10%OFF
最大20%OFF
anello GRANDE（アネログランデ)１０ポケットはっ水タグ型ネーム付デイパック（A4対応・PC収納）
¥4,720
(税込¥5,192)
〜
5.00
(1件)
Y
ドンドン割MAX10%OFF
最大20%OFF
anello GRANDE（アネログランデ)はっ水多収納 デイパック（A4対応・PC収納）
¥4,720
(税込¥5,192)
〜
4.00
(1件)
Y
ドンドン割MAX10%OFF
anello GRANDE（アネログランデ)15ポケット収納便利なデイパック（A4対応・PC収納）
¥5,990
(税込¥6,589)
3.00
(1件)
Y
ドンドン割MAX10%OFF
anello GRANDE（アネログランデ）10ポケット多機能リュック（A4対応・PC収納）
¥7,490
(税込¥8,239)
Y
ドンドン割MAX10%OFF
最大20%OFF
anelloGRANDE（アネログランデ）はっ水ポケッタブル軽量ショルダーバッグ（A4対応）
¥2,800
(税込¥3,080)
〜
4.50
(4件)
Y
ドンドン割MAX10%OFF
最大34%OFF
Legato Largo（レガートラルゴ）11ポケットはっ水ナイロンリュック（A4対応）
¥4,599
(税込¥5,058)
〜
4.00
(3件)
Y
ドンドン割MAX10%OFF
Legato Largo（レガートラルゴ）マットスキンフェイクレザートートバッグ（A4対応）
¥4,990
(税込¥5,489)
4.31
(13件)
Y
ドンドン割MAX10%OFF
Legato Largo（レガートラルゴ）かるいかばん フェイクレザートートバッグ（A4対応）（ニッセン限定色有）
¥5,500
(税込¥6,050)
3.78
(23件)
Y
ドンドン割MAX10%OFF
オススメ順
オススメ順
新着順
売れ筋順
価格の低い順
価格の高い順
OFF率の高い順
レビュー評価順
レビュー件数順
お気に入り点数順
1
全
74
品中
1件-74件
レディース通勤バッグ（オフィスバッグ）
通勤バッグ、オフィス向けカバンをご紹介。A４対応から軽くて使い勝手のよいバッグまで豊富に品ぞろえ。通勤バッグ1つでオフィススタイルも変わります。
サイズ
入れたいアイテムに合わせて、バッグのサイズを選びましょう。
ノートパソコン（16インチ）であれば、おおよそ縦25cm×横36cm。A4サイズは縦21cm×横29.7cmです。そのほか、お弁当やお茶、化粧道具など持ち歩くアイテムを想定してバッグのサイズを選びましょう。一般的にはA4サイズが入るバッグがビジネスマナーとされています。マチが広いタイプだと収納力抜群です。
デザイン
オフィスシーンや会社のルールに合わせたバッグを持つことが基本です。
オフィスシーンにおいて、きちんと見えするのはトートバッグです。シンプルなデザインも多く、どんな職種にも対応できます。両手を空けたい方にはショルダーバッグをおすすめします。肩掛けができ、モノも取り出しやすいです。動きやすさ重視でオフィスカジュアルなスタイルでもOKな方は、リュックも良いでしょう。重たい荷物も両肩でバランスよく支えるため体への負担が軽減できます。
カラー
服装を問わず合わせやすく、飽きがこないのはベーシックカラー。
「黒」はどんなシーンにも活躍し、汚れが目立ちにくいのがメリットです。「ベージュ」は女性らしく優しい印象を与えて、コーディネートも軽やかに見せてくれます。「ブラウン」は上品で落ち着いた雰囲気作りに◎です。シンプルなオフィスファッションの方には、コーデのアクセントになるようなカラーバッグを取り入れるのもおすすめです。なにげに季節感・トレンド感を取り入れやすいのもバッグの魅力です。
関連コンテンツ
オフィスシューズ（靴）
ビジネスやオフィスカジュアルに最適なシューズをご紹介。足に負担をかけない設計や歩きやすい靴など「働く足」をサポート。パンプスはもちろん、スニーカー・サンダル・ブーツも。
オフィスカジュアルの靴の選び方
パンプスのヒールの高さや色、サンダルやスニーカーを合わせる際の注意点など、オフィスカジュアルの靴の選び方を詳しくご紹介。おすすめのコーディネート事例も参考に。
オフィスカジュアルの正解って？
オフィスカジュアルは「カジュアル過ぎないきちんと感」が大切。トレンドを程よく取り入れ、仕事もおしゃれも楽しむオフィスファッションスタイルをご提案。
チェックした商品が待望の再入荷
最近チェックした商品
一覧を見るURL: https://search.rakuten.co.jp/search/mall/%E9%80%9A%E5%8B%A4%E3%83%90%E3%83%83%E3%82%B0+%E3%83%AC%E3%83%87%E3%82%A3%E3%83%BC%E3%82%B9/
==================================================

楽天市場
買い物かご
お知らせ
現在ご利用いただけません
「お知らせ」とは
myクーポン
閲覧履歴
お気に入り
購入履歴
ヘルプ
/
ご意見窓口
/
出店のご案内
「
通勤バッグ レディース
」の検索結果
1〜45件 （90,835件）
お届け先
送料
ジャンル
バッグ・小物・ブランド雑貨
バッグ
レディースバッグ
トートバッグ
レディースファッション
スポーツ・アウトドア
日用品雑貨・文房具・手芸
キッズ・ベビー・マタニティ
ペット・ペットグッズ
パソコン・周辺機器
ジュエリー・アクセサリー
インナー・下着・ナイトウェア
キッチン用品・食器・調理器具
メンズファッション
スマートフォン・タブレット
靴
花・ガーデン・DIY
ホビー
インテリア・寝具・収納
美容・コスメ・香水
TV・オーディオ・カメラ
家電
ダイエット・健康
車用品・バイク用品
腕時計
医薬品・コンタクト・介護
おもちゃ
CD・DVD
スイーツ・お菓子
さらに表示
商品価格
素材（生地・毛糸）
本革
ポリエステル
ナイロン
合皮・フェイクレザー
綿・コットン
帆布・キャンバス
キルト
デニム
ツイル
コーデュロイ
フェイクファー
ニット
麻・リネン
レーヨン
アクリル
ジャガード
ボア
サテン
マイクロファイバー
ファー
閉じる
ブランド
WOOD GREEN
ヴィータフェリーチェ
エースジーン
コールマン
吉田カバン
エース
レガート ラルゴ
ポーター
アネロ
ロペ
P.I.D
マスターピース
ケンゾー
ペッレ モルビダ
ブリーフィング
シーカー
ジャンニ・キャリーニ
マンハッタンポーテージ
カナナプロジェクト
フィラ
閉じる
テイスト（ファッション）
カジュアル
シンプル
オフィス・ビジネス
フォーマル
ナチュラル
モード
キレカジ
エレガント
ストリート
フェミニン
スポーティ
セレカジ
クラシカル
ガーリー
レトロ
コンサバティブ
トラッド
アメカジ
ミリタリー
森ガール
閉じる
横幅
～ 4.9cm
5 ～ 9.9cm
10 ～ 14.9cm
15 ～ 19.9cm
20 ～ 24.9cm
25 ～ 29.9cm
30 ～ 34.9cm
35 ～ 39.9cm
40 ～ 44.9cm
45 ～ 49.9cm
50 ～ 54.9cm
55 ～ 59.9cm
60 ～ 64.9cm
70 ～ 74.9cm
80cm ～
閉じる
カラー
✔
✔
✔
✔
柄
無地
ロゴ
プリント
ワンポイント
キャラクター
総柄
刺繍
花・植物
チェック
ストライプ
ヒョウ・レオパード
ドット・水玉
カモフラージュ・迷彩
猫
グラデーション
ライン
タイル
ボーダー
ハート
星
さらに表示
容量（バッグ）
～ 4.9L
5 ～ 9.9L
10 ～ 14.9L
15 ～ 19.9L
20 ～ 29.9L
30 ～ 39.9L
40 ～ 49.9L
50 ～ 59.9L
60 ～ 69.9L
70L ～
機能（ファッション小物）
撥水
スマートフォン対応
UVカット
吸湿発熱
原産国/製造国
中国
日本
ベトナム
バングラデシュ
イタリア
インドネシア
韓国
アメリカ
フィリピン
タイ
シンガポール
カンボジア
台湾
インド
フランス
マダガスカル
スペイン
イギリス
パキスタン
モロッコ
さらに表示
シーズン
春
夏
秋
冬
オールシーズン
高さ
～ 4.9cm
5 ～ 9.9cm
10 ～ 14.9cm
15 ～ 19.9cm
20 ～ 24.9cm
25 ～ 29.9cm
30 ～ 34.9cm
35 ～ 39.9cm
40 ～ 44.9cm
45 ～ 49.9cm
50 ～ 54.9cm
55 ～ 59.9cm
60 ～ 64.9cm
65 ～ 69.9cm
70 ～ 74.9cm
75 ～ 79.9cm
80cm ～
さらに表示
奥行/マチ
～ 4.9cm
5 ～ 9.9cm
10 ～ 14.9cm
15 ～ 19.9cm
20 ～ 24.9cm
25 ～ 29.9cm
30 ～ 34.9cm
35 ～ 39.9cm
40 ～ 44.9cm
45 ～ 49.9cm
50 ～ 54.9cm
55 ～ 59.9cm
65 ～ 69.9cm
80cm ～
さらに表示
バッグ・ポーチの開閉方法
ファスナー
マグネット
ベルトと金具
プッシュロック
面ファスナー
配送
海外
お届け日
最強翌日配送 対象商品
最強翌日配送とは
送料・お届け日の分かりやすさなど、お届けに関するお客様ニーズを幅広く満たす商品が対象となるサービスです。
レビュー
4.5 〜
4.0 〜
3.5 〜
その他の条件
ギフト
詳細検索
▼注目ピックアップ!
人気ブランドが目白押し！
新生活に揃えたい役立つアイテムが勢ぞろい！
有名ブランドのチョコレートや限定アイテムも！
ブランドのキャンペーン情報などが満載
並べ替え
表示切替
お届け先(離島除く)への最安送料とお届け日を表示しています。
お届け日は目安のため、正確な情報は注文画面でご確認ください。
価格や送料、納期等の詳細は、商品のサイズや色によって異なる場合があります
商品のお届けに関するお客様ニーズを幅広く満たす商品に「最強翌日配送」ラベルを表示しています。
詳細を見る
もっと見る
お気に入りに登録
お気に入りに追加できませんでした
新しく追加するには、5,000件未満に整理していただく必要があります。
お気に入り一覧へ
[PR]
【クーポン有】【P5倍】【SALE】【新作】バッグ トートバッグ 軽量 レディース 通勤 オフィスカジュアル インバッグ 使いやすい ショルダーバッグ 肩掛け 軽い 柔らかい ファスナー 肩掛け おしゃれ かばん 黒 ブラック 送料無料
6,160
円
送料無料
280
ポイント
(
1
倍+
4
倍UP)
+0
4
(1件)
2/5 12:00までの注文で最短2/6お届け
送料無料ラインを3,980円以下に設定したショップで3,980円以上購入すると、送料無料になります。特定商品・一部地域が対象外になる場合があります。
もっと詳しく
ORiental TRaffic 楽天市場店
もっと見る
お気に入りに登録
お気に入りに追加できませんでした
新しく追加するには、5,000件未満に整理していただく必要があります。
お気に入り一覧へ
[PR]
【クーポン利用で20%OFF（マラソン限定）】レディースリュック 3way ビジネスリュックトー ト ハンド リュック ビジネス カバン A4 軽量 PC収納 収納 ノートPC 13インチ バッグ 肩掛け 自立 通勤 仕事用 旅行 出張 レディース 大容量 おしゃれ カワイイ お出かけ 通学
7,980
円
送料無料
144
ポイント
(
1
倍+
1
倍UP)
+0
4.63
(200件)
2/5 15:00までの注文で最短2/6お届け
送料無料ラインを3,980円以下に設定したショップで3,980円以上購入すると、送料無料になります。特定商品・一部地域が対象外になる場合があります。
もっと詳しく
BEMOVITA 楽天市場店
もっと見る
お気に入りに登録
お気に入りに追加できませんでした
新しく追加するには、5,000件未満に整理していただく必要があります。
お気に入り一覧へ
[PR]
【通勤鞄NO1 / 14インチPC可】本革 ビジネスバッグ レディース 大容量 12ポケット 自立 撥水 レザー 底鋲付き 通勤バッグ 肩掛け ファスナー付き パソコン トートバック リクルートバッグ 外ポケット A4 大きい 通勤 営業 仕事 通学 就活 面接 男女兼用 / アンゲルス RT9
12,980
円
送料無料
236
ポイント
(
1
倍+
1
倍UP)
+0
4.62
(140件)
2/5 12:00までの注文で最短2/6お届け
送料無料ラインを3,980円以下に設定したショップで3,980円以上購入すると、送料無料になります。特定商品・一部地域が対象外になる場合があります。
もっと詳しく
BLUE SINCERE（ブルーシンシア）
もっと見る
お気に入りに登録
お気に入りに追加できませんでした
新しく追加するには、5,000件未満に整理していただく必要があります。
お気に入り一覧へ
[PR]
【1,000円OFFクーポン対象】93602 BASE ベース 公式 トートバッグ トート A4 A4サイズ対応 レディース 大きめ 高見え BAG 2way 通勤 通学 フォーマル 入学式 卒業式 発表会 ビジネスバッグ あおりポケット 三層式 デイリー オフィス 仕事 OL
5,390
円
送料無料
49
ポイント
(
1
倍)
+0
4.47
(249件)
2/5 12:00までの注文で最短2/6お届け
送料無料ラインを3,980円以下に設定したショップで3,980円以上購入すると、送料無料になります。特定商品・一部地域が対象外になる場合があります。
もっと詳しく
UNITED BASE
もっと見る
お気に入りに登録
お気に入りに追加できませんでした
新しく追加するには、5,000件未満に整理していただく必要があります。
お気に入り一覧へ
[PR]
【公式】ミア トートバッグ シュリンクレザー レディースバッグ トートバッグ ハンドバッグ ショルダーバッグ 本革 レザー 高級 ブランド BONAVENTURA ボナベンチュラ BTBT2 BTBT3 BTBT4 BTBT5
169,400
円〜
送料無料
1,540
ポイント
(
1
倍)
〜
+0
4.61
(31件)
2/5 0:00までの注文で最短2/7お届け
送料無料ラインを3,980円以下に設定したショップで3,980円以上購入すると、送料無料になります。特定商品・一部地域が対象外になる場合があります。
もっと詳しく
BONAVENTURA 公式ショップ
もっと見る
似た商品を探す
お気に入りに登録
お気に入りに追加できませんでした
新しく追加するには、5,000件未満に整理していただく必要があります。
お気に入り一覧へ
【クーポンで5346円★2/4 20:00〜2/12 09:59】【11ポケット】通勤バッグ レディース a4 ショルダーバッグ トートバッグ お仕事バッグ 縦型 人気 ビジネスバッグ 自立 高見え 通勤 通学 肩掛け カッチリ パスケース付き おしゃれな bllb-x1315n
5,940
円
送料無料
54
ポイント
(
1
倍)
+0
4.22
(1,208件)
2/5 12:00までの注文で最短2/6お届け
送料無料ラインを3,980円以下に設定したショップで3,980円以上購入すると、送料無料になります。特定商品・一部地域が対象外になる場合があります。
もっと詳しく
Vita Felice 楽天市場店
もっと見る
似た商品を探す
お気に入りに登録
お気に入りに追加できませんでした
新しく追加するには、5,000件未満に整理していただく必要があります。
お気に入り一覧へ
＼4時間★先着で5,192円／ 【 軽くて自立する 】 高評価★4.60 ANDSHIN公式 トートバッグ レディース バッグ 軽量 通勤用 a4 自立 ファスナー開閉 軽くて大容量 通勤バッグ 軽い アンドシン 軽いかばん 仕事用
6,490
円
送料無料
59
ポイント
(
1
倍)
+0
4.6
(3,646件)
2/5 15:00までの注文で最短2/6お届け
送料無料ラインを3,980円以下に設定したショップで3,980円以上購入すると、送料無料になります。特定商品・一部地域が対象外になる場合があります。
もっと詳しく
ANDSHIN【公式】楽天市場店
もっと見る
似た商品を探す
お気に入りに登録
お気に入りに追加できませんでした
新しく追加するには、5,000件未満に整理していただく必要があります。
お気に入り一覧へ
＼マラソン限定★クーポン／ ビジネスバッグ 【楽天1位！高評価★4.63】 リクルートバッグ レディース 通勤バッグ 折らずにお届け トートバッグ A4 PC 大容量 ファスナー付き 就活 インターン 面接 入学式 大学 自立 営業 仕事 通学 防水 ギフト 肩掛け 送料無料 Annekor
4,980
円
送料無料
45
ポイント
(
1
倍)
+0
4.63
(1,036件)
2/5 15:00までの注文で最短2/6お届け
送料無料ラインを3,980円以下に設定したショップで3,980円以上購入すると、送料無料になります。特定商品・一部地域が対象外になる場合があります。
もっと詳しく
こだわりバッグ 雑貨 Annekor
もっと見る
似た商品を探す
お気に入りに登録
お気に入りに追加できませんでした
新しく追加するには、5,000件未満に整理していただく必要があります。
お気に入り一覧へ
トートバッグ レディース A4 軽量 軽い ショルダーバッグ 大きめ 通勤バッグ 通勤 ななめ掛け 仕事 ビジネスバッグ 大容量 肩掛け PUレザー オフィス かわいい おしゃれ シンプル ペットボトルが入る トレンド 仕事バッグ 人気
6,980
円
送料無料
63
ポイント
(
1
倍)
+0
4.71
(35件)
2/5 15:00までの注文で最短2/6お届け
送料無料ラインを3,980円以下に設定したショップで3,980円以上購入すると、送料無料になります。特定商品・一部地域が対象外になる場合があります。
もっと詳しく
LASIEM（ラシエム）
もっと見る
似た商品を探す
お気に入りに登録
お気に入りに追加できませんでした
新しく追加するには、5,000件未満に整理していただく必要があります。
お気に入り一覧へ
【4H限定！全店MAX30%OFF】 トートバッグ A4 ミニバッグ付き 軽量 防水 撥水 レディース バッグ マザーズバッグ ハンドバッグ 大容量 自立する 大きめ 多収納 カジュアル ポケット 無地 軽くておしゃれ 通勤バッグ
3,280
円
送料無料
58
ポイント
(
1
倍+
1
倍UP)
+0
4.63
(119件)
2/5 12:00までの注文で最短2/6お届け
送料無料ラインを3,980円以下に設定したショップで3,980円以上購入すると、送料無料になります。特定商品・一部地域が対象外になる場合があります。
もっと詳しく
R＆R楽天市場支店
もっと見る
似た商品を探す
お気に入りに登録
お気に入りに追加できませんでした
新しく追加するには、5,000件未満に整理していただく必要があります。
お気に入り一覧へ
【4H限定！全店MAX30%OFF】 楽天1位★ トートバッグ レディース 軽量 通勤 軽い 大容量 バッグ 肩掛け ファスナー付き オフィス レザー調 合皮 マザーズバッグ 自立 ショルダーバッグ 斜めがけバッグ 大人 上品 大きめ 多収納 ポケット シンプル 通勤バッグ
3,280
円〜
送料無料
58
ポイント
(
1
倍+
1
倍UP)
〜
+0
4.21
(375件)
2/5 12:00までの注文で最短2/6お届け
送料無料ラインを3,980円以下に設定したショップで3,980円以上購入すると、送料無料になります。特定商品・一部地域が対象外になる場合があります。
もっと詳しく
R＆R楽天市場支店
もっと見る
似た商品を探す
お気に入りに登録
お気に入りに追加できませんでした
新しく追加するには、5,000件未満に整理していただく必要があります。
お気に入り一覧へ
＼マラソン限定★クーポン／ ビジネスバッグ【370冠達成★高評価4.75】折らずにお届け レディース リクルートバッグ 就活 面接 入学式 大学 学校 自立 トートバッグ 通勤 インターン 通学 大容量 肩掛け 仕切り ファスナー付 かばん PC 軽量 防水 ギフト アンコール Annekor
3,580
円〜
送料無料
32
ポイント
(
1
倍)
〜
+0
4.75
(2,856件)
2/5 15:00までの注文で最短2/6お届け
送料無料ラインを3,980円以下に設定したショップで3,980円以上購入すると、送料無料になります。特定商品・一部地域が対象外になる場合があります。
もっと詳しく
こだわりバッグ 雑貨 Annekor
もっと見る
似た商品を探す
お気に入りに登録
お気に入りに追加できませんでした
新しく追加するには、5,000件未満に整理していただく必要があります。
お気に入り一覧へ
＼2月10日 1:59まで1000円OFF！／【新色追加】 トートバッグ レディース A4 軽量 通勤バッグ 縦型 大きめ お仕事バッグ 大容量 自立 軽いカバン ビジネスバッグ ファスナー付き ペットボトル 肩掛け かわいい おしゃれ PUレザー スクエア シンプル 通学 カバン 軽い
7,980
円〜
送料無料
72
ポイント
(
1
倍)
〜
+0
4.56
(68件)
2/5 15:00までの注文で最短2/6お届け
送料無料ラインを3,980円以下に設定したショップで3,980円以上購入すると、送料無料になります。特定商品・一部地域が対象外になる場合があります。
もっと詳しく
LASIEM（ラシエム）
もっと見る
似た商品を探す
お気に入りに登録
お気に入りに追加できませんでした
新しく追加するには、5,000件未満に整理していただく必要があります。
お気に入り一覧へ
【クーポンで15%OFF】【楽天1位】【映画・ドラマ使用】トートバッグ レディース 軽量 a4 仕切りトート 撥水 ナイロン 上品 キルティング おしゃれ 肩掛け 通勤 通学 通勤バッグ ママバッグ 推し活トート ライブ バッグ ナイロンバッグ 多収納 売れ筋 LIZDAYS
4,730
円
送料無料
43
ポイント
(
1
倍)
+0
4.47
(405件)
2/5 12:00までの注文で最短2/6お届け
送料無料ラインを3,980円以下に設定したショップで3,980円以上購入すると、送料無料になります。特定商品・一部地域が対象外になる場合があります。
もっと詳しく
スタイルオンバッグ
同じ商品を安い順で見る
もっと見る
似た商品を探す
お気に入りに登録
お気に入りに追加できませんでした
新しく追加するには、5,000件未満に整理していただく必要があります。
お気に入り一覧へ
ショルダーバッグ レディース 斜めがけ 大人 大きめ A4 通勤通学 2way 大容量 トートバッグ くったり 大きい 斜めがけバッグ 軽い 高見え ファスナー付き bag ショルダーバック blpa-p1403 【aroco/アロコ】 春夏 春バッグ
5,940
円
送料無料
54
ポイント
(
1
倍)
+0
4.23
(2,080件)
2/5 12:00までの注文で最短2/6お届け
送料無料ラインを3,980円以下に設定したショップで3,980円以上購入すると、送料無料になります。特定商品・一部地域が対象外になる場合があります。
もっと詳しく
Vita Felice 楽天市場店
もっと見る
似た商品を探す
お気に入りに登録
お気に入りに追加できませんでした
新しく追加するには、5,000件未満に整理していただく必要があります。
お気に入り一覧へ
【ブランド公式サイト掲載価格6380円→2999円】 トートバッグ レディース ビジネスバッグ 通勤バッグ A4 ファスナー付き 小さめ 軽量 バッグ 大容量 通勤 軽い 営業 自立 トートバック ビジネスバック 鞄 カバン バック ブランド 旅行 おしゃれ 人気 おすすめ プレゼント
2,999
円
送料無料
27
ポイント
(
1
倍)
+0
4.47
(1,606件)
2/5 15:00までの注文で最短2/6お届け
送料無料ラインを3,980円以下に設定したショップで3,980円以上購入すると、送料無料になります。特定商品・一部地域が対象外になる場合があります。
もっと詳しく
RATOMストア　楽天市場店
同じ商品を安い順で見る
もっと見る
似た商品を探す
お気に入りに登録
お気に入りに追加できませんでした
新しく追加するには、5,000件未満に整理していただく必要があります。
お気に入り一覧へ
【最大2000円OFFクーポン♪】＜累計販売16万個突破＞トートバッグ A4 バッグ レディース 通勤バッグ 通勤 仕事 ビジネスバッグ 軽い 大容量 肩掛け オフィス レザー調 合皮 キーフック Honeys ハニーズ 軽量A4トート
3,910円(価格+送料)
3,480
円
+送料430円
31
ポイント
(
1
倍)
+0
4.54
(136件)
2/5 12:00までの注文で最短2/6お届け
送料無料ラインを3,980円以下に設定したショップで3,980円以上購入すると、送料無料になります。特定商品・一部地域が対象外になる場合があります。
もっと詳しく
ハニーズ　オンラインショップ
もっと見る
似た商品を探す
お気に入りに登録
お気に入りに追加できませんでした
新しく追加するには、5,000件未満に整理していただく必要があります。
お気に入り一覧へ
【SPECIAL PRICE】【数量限定！当店人気NO.1バッグ ムラなしver.】トートバッグ レディース a4 ショルダーバッグ 大容量 高密度ナイロン インナーバッグ付き バッグインバッグ 2way 3way 通勤バッグ 大きい 女性 vtb-2024p 【aroco/アロコ】
3,960
円
送料無料
36
ポイント
(
1
倍)
+0
4.51
(173件)
2/5 12:00までの注文で最短2/6お届け
送料無料ラインを3,980円以下に設定したショップで3,980円以上購入すると、送料無料になります。特定商品・一部地域が対象外になる場合があります。
もっと詳しく
Vita Felice 楽天市場店
もっと見る
似た商品を探す
お気に入りに登録
お気に入りに追加できませんでした
新しく追加するには、5,000件未満に整理していただく必要があります。
お気に入り一覧へ
【50％offクーポン／2H限定】トートバッグ バッグ レディースバッグ 大きめ ファスナー付き レディース 高密度ナイロン 軽量 通勤バッグ 大容量 通勤 通学 ブランド トートバック 肩掛け かわいい 軽い 肩掛けバッグ お仕事バッグ ナイロントートバッグ 鞄 かばん
6,480
円
送料無料
58
ポイント
(
1
倍)
+0
4.27
(1,309件)
2/5 15:00までの注文で最短2/6お届け
送料無料ラインを3,980円以下に設定したショップで3,980円以上購入すると、送料無料になります。特定商品・一部地域が対象外になる場合があります。
もっと詳しく
バッグ通販 クロスチャーム
もっと見る
似た商品を探す
お気に入りに登録
お気に入りに追加できませんでした
新しく追加するには、5,000件未満に整理していただく必要があります。
お気に入り一覧へ
トートバッグ レディース 大きめ A4 軽い 軽量 ナイロン 大容量 おしゃれ 通勤バッグ 普段使い マチ広い ファスナー付き かばん ハンドバッグ 通勤 通学 多収納 鞄 サイドポケット サブバック トートバック 旅行 仕事用 ママバッグ ナイロン 送料無料
2,280
円
送料無料
20
ポイント
(
1
倍)
+0
4.5
(237件)
15時までの注文で当日出荷（対象地域のみ）
送料無料ラインを3,980円以下に設定したショップで3,980円以上購入すると、送料無料になります。特定商品・一部地域が対象外になる場合があります。
もっと詳しく
買い物天国
もっと見る
似た商品を探す
お気に入りに登録
お気に入りに追加できませんでした
新しく追加するには、5,000件未満に整理していただく必要があります。
お気に入り一覧へ
【⭐️楽天 1 位⭐️マラソン期間 50％券適用 3,239 円⭐️】トートバッグ レディース 軽量 通勤 軽い 大容量 バッグ 肩掛け ファスナー付き オフィス レザー調 合皮 マザーズバッグ 自立 ショルダーバッグ 斜めがけバッグ 大人 上品 大きめ 多収納 ポケット シンプル
6,479
円〜
送料無料
58
ポイント
(
1
倍)
〜
+0
4.11
(136件)
2/5 12:00までの注文で最短2/6お届け
送料無料ラインを3,980円以下に設定したショップで3,980円以上購入すると、送料無料になります。特定商品・一部地域が対象外になる場合があります。
もっと詳しく
コトリホーム
もっと見る
似た商品を探す
お気に入りに登録
お気に入りに追加できませんでした
新しく追加するには、5,000件未満に整理していただく必要があります。
お気に入り一覧へ
＼10％OFFクーポン／トートバッグ レディース A4サイズ PUレザー 大きめ かわいい おしゃれ 肩掛け 持ち手長め ペットボトルが入る 無地 シンプル マチ広 フリンジチャーム付き 母の日 ママバッグ 普段使い 大容量収納 スマホ マグネットホック 大人 通勤 通学 大学生 黒
1,480
円
送料無料
13
ポイント
(
1
倍)
+0
3.81
(538件)
12時までの注文で当日出荷(土祝休まず発送)
送料無料ラインを3,980円以下に設定したショップで3,980円以上購入すると、送料無料になります。特定商品・一部地域が対象外になる場合があります。
もっと詳しく
TeddyShop
同じ商品を安い順で見る
もっと見る
似た商品を探す
お気に入りに登録
お気に入りに追加できませんでした
新しく追加するには、5,000件未満に整理していただく必要があります。
お気に入り一覧へ
トートバッグ レディース a4 ショルダーバッグ 大容量 高密度ナイロン インナーバッグ付き バッグインバッグ 2way 3way 通勤バッグ 大きい かばん 女性 vsib-x1581p【aroco/アロコ】 衣装協力 雑誌掲載 春夏 春バッグ
5,940
円
送料無料
54
ポイント
(
1
倍)
+0
4.4
(2,595件)
2/5 12:00までの注文で最短2/6お届け
送料無料ラインを3,980円以下に設定したショップで3,980円以上購入すると、送料無料になります。特定商品・一部地域が対象外になる場合があります。
もっと詳しく
Vita Felice 楽天市場店
もっと見る
似た商品を探す
お気に入りに登録
お気に入りに追加できませんでした
新しく追加するには、5,000件未満に整理していただく必要があります。
お気に入り一覧へ
【雑誌掲載 改良版】 トートバッグ レディース マザーズバッグ a4 ショルダー 大きめ ナイロン 軽い 斜め掛け カジュアル ジム 無地 おしゃれ かわいい シンプル 黒 トート バッグ レディースバッグ ナイロンバッグ
1,680
円〜
送料無料
15
ポイント
(
1
倍)
〜
+0
4.53
(1,795件)
当日〜翌営業日の発送予定（休業日除く）
送料無料ラインを3,980円以下に設定したショップで3,980円以上購入すると、送料無料になります。特定商品・一部地域が対象外になる場合があります。
もっと詳しく
Neory楽天市場店
もっと見る
似た商品を探す
お気に入りに登録
お気に入りに追加できませんでした
新しく追加するには、5,000件未満に整理していただく必要があります。
お気に入り一覧へ
【クーポンで300円OFF】 【楽天1位】 トートバッグ レディース 6個のポケット 軽量 大きめ 通勤バッグ 大 A4 B4 マザーズバッグ 通勤 通学 ビジネス 大容量 レザー 大きいバッグ マザーバッグ フェイクレザー PUレザー 無地 軽い かわいい メンズ ポケット ランキング
3,280
円
送料無料
29
ポイント
(
1
倍)
+0
4.61
(476件)
2/5 14:00までの注文で最短2/6お届け
送料無料ラインを3,980円以下に設定したショップで3,980円以上購入すると、送料無料になります。特定商品・一部地域が対象外になる場合があります。
もっと詳しく
バッグ アパレル雑貨 ミオリ
同じ商品を安い順で見る
もっと見る
似た商品を探す
お気に入りに登録
お気に入りに追加できませんでした
新しく追加するには、5,000件未満に整理していただく必要があります。
お気に入り一覧へ
【クーポンで5940円★2/4 20:00〜2/12 09:59】【ドラマ使用】トートバッグ a4 縦型 レディース 軽量 通勤 自立 ビジネスバッグ 2way 大容量 大人 通勤バッグ 肩掛け 斜めがけ ワンショルダーバッグ 大きめ 縦長 スクエア ワンハンドル おしゃれ binb-p1412y
6,600
円
送料無料
60
ポイント
(
1
倍)
+0
4.39
(335件)
2/5 12:00までの注文で最短2/6お届け
送料無料ラインを3,980円以下に設定したショップで3,980円以上購入すると、送料無料になります。特定商品・一部地域が対象外になる場合があります。
もっと詳しく
Vita Felice 楽天市場店
同じ商品を安い順で見る
もっと見る
似た商品を探す
お気に入りに登録
お気に入りに追加できませんでした
新しく追加するには、5,000件未満に整理していただく必要があります。
お気に入り一覧へ
【お買い得商品 5,0600円OFF】自立 軽いA4トートバッグ ビジネスバッグ PERENNE ペレンネ 20169 送料無料 トートバッグ a4 ビジネストート レディース レディースバッグ バッグ 就活 ショルダーバッグ 鞄 営業 通勤 リクルート パソコン 大容量 セレモニーバッグ
5,940
円
送料無料
108
ポイント
(
1
倍+
1
倍UP)
+0
4.76
(70件)
2/5 12:00までの注文で最短2/6お届け
送料無料ラインを3,980円以下に設定したショップで3,980円以上購入すると、送料無料になります。特定商品・一部地域が対象外になる場合があります。
もっと詳しく
PERENNE 【ペレンネ公式】
もっと見る
似た商品を探す
お気に入りに登録
お気に入りに追加できませんでした
新しく追加するには、5,000件未満に整理していただく必要があります。
お気に入り一覧へ
【4H限定！全店MAX30%OFF】 ショルダーバッグ A4 レディース 斜めがけ 大人 軽量 大きめ 大容量 トートバッグ 通勤バッグ PUレザー 軽くて大容量 肩掛け 無地 バルーン ワンショルダーバッグ シンプル おしゃれ 上品 通勤用 仕事用 通勤 通学 出張
3,980
円
送料無料
72
ポイント
(
1
倍+
1
倍UP)
+0
4.31
(162件)
2/5 12:00までの注文で最短2/6お届け
送料無料ラインを3,980円以下に設定したショップで3,980円以上購入すると、送料無料になります。特定商品・一部地域が対象外になる場合があります。
もっと詳しく
R＆R楽天市場支店
もっと見る
似た商品を探す
お気に入りに登録
お気に入りに追加できませんでした
新しく追加するには、5,000件未満に整理していただく必要があります。
お気に入り一覧へ
＼4時間★先着20％OFF／ 高評価★4.52 【 軽さに驚く！】 ANDSHIN公式 トートバッグ レディース バッグ 通勤バッグ a4 自立 アンドシン ファスナーで閉まる 軽くて大容量 カバン ブランド 仕事用バッグ 軽量 軽い
7,480
円
送料無料
68
ポイント
(
1
倍)
+0
4.53
(1,175件)
2/5 15:00までの注文で最短2/6お届け
送料無料ラインを3,980円以下に設定したショップで3,980円以上購入すると、送料無料になります。特定商品・一部地域が対象外になる場合があります。
もっと詳しく
ANDSHIN【公式】楽天市場店
もっと見る
似た商品を探す
お気に入りに登録
お気に入りに追加できませんでした
新しく追加するには、5,000件未満に整理していただく必要があります。
お気に入り一覧へ
【クーポンでMAX50%OFF 2/13 8:59まで】トートバッグ レディース レディースバッグ 通勤バッグ オケージョン フォーマルバッグ ブランド 2way ハンドバッグ バッグ 鞄 かばん カバン 通勤 トート お仕事バッグ 大容量 a4 軽量 自立 オフィス ビジネスバッグ 肩掛けバッグ
9,960
円
送料無料
90
ポイント
(
1
倍)
+0
3.59
(111件)
2/5 10:00までの注文で最短2/6お届け
送料無料ラインを3,980円以下に設定したショップで3,980円以上購入すると、送料無料になります。特定商品・一部地域が対象外になる場合があります。
もっと詳しく
バッグ通販 クロスチャーム
もっと見る
似た商品を探す
お気に入りに登録
お気に入りに追加できませんでした
新しく追加するには、5,000件未満に整理していただく必要があります。
お気に入り一覧へ
【ブランド公式サイト掲載価格6580円→2999円】 トートバッグ レディース ビジネスバッグ 大きめ A4 ファスナー付き バッグ 軽量 大容量 通勤 通勤バッグ 軽い 営業 自立 トートバック ビジネスバック 鞄 カバン バック ブランド 旅行 おしゃれ 人気 おすすめ プレゼント
2,999
円
送料無料
27
ポイント
(
1
倍)
+0
4.38
(1,161件)
2/5 15:00までの注文で最短2/6お届け
送料無料ラインを3,980円以下に設定したショップで3,980円以上購入すると、送料無料になります。特定商品・一部地域が対象外になる場合があります。
もっと詳しく
RATOMストア　楽天市場店
同じ商品を安い順で見る
もっと見る
似た商品を探す
お気に入りに登録
お気に入りに追加できませんでした
新しく追加するには、5,000件未満に整理していただく必要があります。
お気に入り一覧へ
【クーポンで300円OFF】 リクルートバッグ 就活バッグ レディース ビジネスバッグ 通勤バッグ A4 ビジネストート ブラック 黒 軽量 軽い 大容量 通勤 自立 バッグ かばん 営業 面接 就職 鞄 おしゃれ 人気 無地 ランキング 女性 防水 大きめ 大学 入学 卒業
3,980
円
送料無料
36
ポイント
(
1
倍)
4.55
(1,260件)
2/5 14:00までの注文で最短2/6お届け
送料無料ラインを3,980円以下に設定したショップで3,980円以上購入すると、送料無料になります。特定商品・一部地域が対象外になる場合があります。
もっと詳しく
バッグ アパレル雑貨 ミオリ
同じ商品を安い順で見る
もっと見る
似た商品を探す
お気に入りに登録
お気に入りに追加できませんでした
新しく追加するには、5,000件未満に整理していただく必要があります。
お気に入り一覧へ
＼最大3000円クーポン配布中！／A4 バッグ レディース 通勤 トート ビジネス 収納 大容量 パスケース付き 軽量 軽い 自立 無地 シンプル ハンドバッグ リクルート 就活 面接 女性用 マチあり 合成皮革 黒 ブラック 灰 グレー デイリー 通勤バッグ 通学 ファスナー
4,990
円
送料無料
45
ポイント
(
1
倍)
+0
4.46
(52件)
2/5 14:00までの注文で最短2/6お届け
送料無料ラインを3,980円以下に設定したショップで3,980円以上購入すると、送料無料になります。特定商品・一部地域が対象外になる場合があります。
もっと詳しく
ELENA
もっと見る
似た商品を探す
お気に入りに登録
お気に入りに追加できませんでした
新しく追加するには、5,000件未満に整理していただく必要があります。
お気に入り一覧へ
【ドラマ使用】トートバッグ レディース a4 ファスナー 2way 通勤 大きめ 通勤バッグ お仕事バッグ 肩掛け 柔らかい くったり ソフト 大人 通学 ベルトハンドル ショルダーバッグ bsib-p3702x 【Depral/デプラル】 春夏 春バッグ
5,940
円
送料無料
54
ポイント
(
1
倍)
+0
4.44
(264件)
2/5 12:00までの注文で最短2/6お届け
送料無料ラインを3,980円以下に設定したショップで3,980円以上購入すると、送料無料になります。特定商品・一部地域が対象外になる場合があります。
もっと詳しく
Vita Felice 楽天市場店
もっと見る
似た商品を探す
お気に入りに登録
お気に入りに追加できませんでした
新しく追加するには、5,000件未満に整理していただく必要があります。
お気に入り一覧へ
＼4時間★先着20％OFF／ 【 奇跡の軽さ 】 高評価★4.51 ANDSHIN公式 トートバッグ レディース バッグ 大きめ 通勤 軽い 通勤バッグ a4 b4 ブランド アンドシン ビジネス 大容量 軽量 ファスナー付き かばん 軽いかばん ブランド 自立 通勤 ビジネスバッグ 仕事用
7,480
円
送料無料
68
ポイント
(
1
倍)
+0
4.58
(361件)
2/5 15:00までの注文で最短2/6お届け
送料無料ラインを3,980円以下に設定したショップで3,980円以上購入すると、送料無料になります。特定商品・一部地域が対象外になる場合があります。
もっと詳しく
ANDSHIN【公式】楽天市場店
もっと見る
似た商品を探す
お気に入りに登録
お気に入りに追加できませんでした
新しく追加するには、5,000件未満に整理していただく必要があります。
お気に入り一覧へ
【通勤最適★限定特価13,880⇒5,980円!】トートバッグ レディース バッグ ファッション 大容量 通勤バッグ カバン トート 軽量 仕切り ブランド a4 トートバック レディースバッグ おしゃれ マザーズバッグ 収納 バック 通勤 防水 シンプル 自立 仕事用バッグ ファスナー
5,980
円
送料無料
54
ポイント
(
1
倍)
4.34
(41件)
2/5 14:00までの注文で最短2/6お届け
送料無料ラインを3,980円以下に設定したショップで3,980円以上購入すると、送料無料になります。特定商品・一部地域が対象外になる場合があります。
もっと詳しく
useful-store楽天市場店
もっと見る
似た商品を探す
お気に入りに登録
お気に入りに追加できませんでした
新しく追加するには、5,000件未満に整理していただく必要があります。
お気に入り一覧へ
＼レビュー1000件突破／【2冠獲得】【トートバッグになるリュック】ビジネスリュック レディース リュック パソコン リュックサック 通勤バッグ 軽量 大容量 おしゃれ 通勤 トートリュック ノートpc 軽量リュック pc 防水 軽い ナイロン パソコン ノートパソコン A4サイズ
7,980
円
送料無料
72
ポイント
(
1
倍)
4.48
(1,136件)
2/5 15:00までの注文で最短2/6お届け
送料無料ラインを3,980円以下に設定したショップで3,980円以上購入すると、送料無料になります。特定商品・一部地域が対象外になる場合があります。
もっと詳しく
Liscia（リーシャ）
もっと見る
似た商品を探す
お気に入りに登録
お気に入りに追加できませんでした
新しく追加するには、5,000件未満に整理していただく必要があります。
お気に入り一覧へ
【クーポン利用で20%OFF（マラソン限定）】レディースリュック 3way ビジネスリュックトー ト ハンド リュック ビジネス カバン A4 軽量 PC収納 収納 ノートPC 13インチ バッグ 肩掛け 自立 通勤 仕事用 旅行 出張 レディース 大容量 おしゃれ カワイイ お出かけ 通学
7,980
円
送料無料
144
ポイント
(
1
倍+
1
倍UP)
+0
4.63
(200件)
2/5 15:00までの注文で最短2/6お届け
送料無料ラインを3,980円以下に設定したショップで3,980円以上購入すると、送料無料になります。特定商品・一部地域が対象外になる場合があります。
もっと詳しく
BEMOVITA 楽天市場店
もっと見る
似た商品を探す
お気に入りに登録
お気に入りに追加できませんでした
新しく追加するには、5,000件未満に整理していただく必要があります。
お気に入り一覧へ
【お買い得商品 3,960円OFF】自立 軽い トートバッグ 【ドラマ衣装協力商品】通勤バッグ ビジネスバッグ PERENNE ペレンネ 20190 送料無料 トートバッグ a4 ビジネストート レディースバッグ バッグ ショルダーバッグ 鞄 通勤 リクルート パソコン セレモニーバッグ
5,940
円
送料無料
108
ポイント
(
1
倍+
1
倍UP)
+0
4.57
(233件)
2/5 12:00までの注文で最短2/6お届け
送料無料ラインを3,980円以下に設定したショップで3,980円以上購入すると、送料無料になります。特定商品・一部地域が対象外になる場合があります。
もっと詳しく
PERENNE 【ペレンネ公式】
もっと見る
似た商品を探す
お気に入りに登録
お気に入りに追加できませんでした
新しく追加するには、5,000件未満に整理していただく必要があります。
お気に入り一覧へ
【お買い得商品 3,960円OFF】自立 軽いA4トートバッグ 通勤バッグ ビジネスバッグ 【映画 ドラマ衣装協力商品】 PERENNE ペレンネ 20151 送料無料 a4 バッグ レディース トートバッグ ビジネストートバッグ パソコン 入学式バッグ 卒業式バッグ セレモニーバッグ
5,940
円
送料無料
108
ポイント
(
1
倍+
1
倍UP)
+0
4.56
(1,779件)
2/5 12:00までの注文で最短2/6お届け
送料無料ラインを3,980円以下に設定したショップで3,980円以上購入すると、送料無料になります。特定商品・一部地域が対象外になる場合があります。
もっと詳しく
PERENNE 【ペレンネ公式】
もっと見る
似た商品を探す
お気に入りに登録
お気に入りに追加できませんでした
新しく追加するには、5,000件未満に整理していただく必要があります。
お気に入り一覧へ
【2,000円OFFクーポン★】★楽天1位★ トートバッグ レディース 大容量 a4 縦型 軽量 通勤 肩掛け ワンハンドル バッグ バケツ型 自立 縦長 大きめ ショルダーバッグ 多収納 上品 きれいめ おしゃれ プレゼント
6,980
円
送料無料
63
ポイント
(
1
倍)
+0
4.72
(18件)
2/5 15:00までの注文で最短2/6お届け
送料無料ラインを3,980円以下に設定したショップで3,980円以上購入すると、送料無料になります。特定商品・一部地域が対象外になる場合があります。
もっと詳しく
バッグと財布の専門店GRAV Store
もっと見る
似た商品を探す
お気に入りに登録
お気に入りに追加できませんでした
新しく追加するには、5,000件未満に整理していただく必要があります。
お気に入り一覧へ
【楽天1位】トートバッグ レディース 大きめ 軽い a4 通勤 ブランド マザーズバッグ トート トートバック ビジネスバッグ ビジネスバック ファスナー付き 軽量 大容量 バッグ 可愛い おしゃれ シンプル 通学 肩掛け 仕切り 実用的 ギフト 母の日 プレゼント オフィスバッグ
4,890
円
送料無料
44
ポイント
(
1
倍)
+0
4.45
(438件)
12時までの注文で当日出荷(店舗休業日除く)
送料無料ラインを3,980円以下に設定したショップで3,980円以上購入すると、送料無料になります。特定商品・一部地域が対象外になる場合があります。
もっと詳しく
バッグとお財布のSAKU-SAKU
もっと見る
似た商品を探す
お気に入りに登録
お気に入りに追加できませんでした
新しく追加するには、5,000件未満に整理していただく必要があります。
お気に入り一覧へ
【9ポケット】トートバッグ 大きめ レディース a4 大容量 多収納 自立 通勤バッグ 通勤 通学 マチ広 柔らかい 肩掛け 大人 女性 おしゃれ かわいい 軽い 軽量 合皮 ファスナー付き シンプル 鞄 vsib-21c46p 【aroco/アロコ】 春夏 春バッグ
6,600
円
送料無料
60
ポイント
(
1
倍)
+0
4.49
(174件)
2/5 12:00までの注文で最短2/6お届け
送料無料ラインを3,980円以下に設定したショップで3,980円以上購入すると、送料無料になります。特定商品・一部地域が対象外になる場合があります。
もっと詳しく
Vita Felice 楽天市場店
もっと見る
似た商品を探す
お気に入りに登録
お気に入りに追加できませんでした
新しく追加するには、5,000件未満に整理していただく必要があります。
お気に入り一覧へ
【3045円→2740円】トートバッグ レディース A4 通勤 軽量 大きめ 大容量 革 合皮 シンプル 無地 通勤バッグ レザー 軽い 小さめ 肩掛け ファスナー お弁当 ビジネス かわいい おしゃれ ビジネスバッグ パソコン pc 仕事 多機能 横 丈夫 マザーズバッグ 通勤鞄 黒
2,740
円
送料無料
24
ポイント
(
1
倍)
+0
4.45
(261件)
2/5 12:00までの注文で最短2/6お届け
送料無料ラインを3,980円以下に設定したショップで3,980円以上購入すると、送料無料になります。特定商品・一部地域が対象外になる場合があります。
もっと詳しく
One Style Of Self
もっと見る
似た商品を探す
お気に入りに登録
お気に入りに追加できませんでした
新しく追加するには、5,000件未満に整理していただく必要があります。
お気に入り一覧へ
【10%OFFクーポン配布中】 【楽天1位受賞】トートバッグ レディース 大きめ a4 縦 軽量 通勤 メンズ ビジネス 通学 ファスナー付き 撥水 軽い 大容量 縦型 カジュアル 自立 おしゃれ きれいめ 黒 茶色 PU レザー ショルダー 底鋲 高見え 多機能 マチあり 学生 合皮
3,980
円
送料無料
180
ポイント
(
1
倍+
4
倍UP)
+0
4.27
(266件)
2/5 13:00までの注文で最短2/10お届け
送料無料ラインを3,980円以下に設定したショップで3,980円以上購入すると、送料無料になります。特定商品・一部地域が対象外になる場合があります。
もっと詳しく
ninon
もっと見る
似た商品を探す
お気に入りに登録
お気に入りに追加できませんでした
新しく追加するには、5,000件未満に整理していただく必要があります。
お気に入り一覧へ
トートバッグ レディース A4 大容量 通勤通学 3way レディース 通勤 通学 ショルダーバッグ 鞄 トートバッグ カッコいい 仕事バッグ 大人女性 通勤バッグ フェイクレザー vinb-9c042p 【aroco/アロコ】 春夏 春バッグ
6,600
円
送料無料
60
ポイント
(
1
倍)
+0
4.44
(254件)
2/5 12:00までの注文で最短2/6お届け
送料無料ラインを3,980円以下に設定したショップで3,980円以上購入すると、送料無料になります。特定商品・一部地域が対象外になる場合があります。
もっと詳しく
Vita Felice 楽天市場店
もっと見る
似た商品を探す
お気に入りに登録
お気に入りに追加できませんでした
新しく追加するには、5,000件未満に整理していただく必要があります。
お気に入り一覧へ
【TVドラマ衣装提供商品】レディース トートバッグ A4 通勤 セレモニー 大容量 オケージョン 通勤バッグ トートバッグ 就活 就職活動 転職活動 大きめ トート おしゃれ バッグ a4 軽い 軽量 仕切り バッグ 肩掛け お仕事バッグ 0208
7,590
円
送料無料
69
ポイント
(
1
倍)
+0
4.56
(101件)
2/5 9:00までの注文で最短2/6お届け
送料無料ラインを3,980円以下に設定したショップで3,980円以上購入すると、送料無料になります。特定商品・一部地域が対象外になる場合があります。
もっと詳しく
MONICAonline
もっと見る
似た商品を探す
お気に入りに登録
お気に入りに追加できませんでした
新しく追加するには、5,000件未満に整理していただく必要があります。
お気に入り一覧へ
【ドラマ「神の手」衣装協力/雑誌掲載】トートバッグ レディース a4 ショルダーバッグ 大容量 高密度ナイロン インナーバッグ付き バッグインバッグ 2way 3way 通勤バッグ 大きい かばん トートバック vsib-x1581p 【aroco/アロコ】 春夏 春バッグ
5,940
円
送料無料
54
ポイント
(
1
倍)
+0
4.38
(149件)
2/5 12:00までの注文で最短2/6お届け
送料無料ラインを3,980円以下に設定したショップで3,980円以上購入すると、送料無料になります。特定商品・一部地域が対象外になる場合があります。
もっと詳しく
Vita Felice 楽天市場店
もっと見る
似た商品を探す
お気に入りに登録
お気に入りに追加できませんでした
新しく追加するには、5,000件未満に整理していただく必要があります。
お気に入り一覧へ
＼3冠達成！期間限定58%OFF★2,980円／トートバッグ レディース バッグ キャンバス 布 3つ仕切り a4 大きめ 横 ファスナー付き 大人 かわいい おしゃれ シンプル カジュアル マザーズバッグ ジムバッグ マチあり カバン 鞄 黒 肩掛け 軽量 大容量 自立 旅行 無地 通勤 通学
2,980
円
送料無料
27
ポイント
(
1
倍)
+0
4.05
(20件)
2/5 14:00までの注文で最短2/6お届け
送料無料ラインを3,980円以下に設定したショップで3,980円以上購入すると、送料無料になります。特定商品・一部地域が対象外になる場合があります。
もっと詳しく
ビレナ
もっと見る
似た商品を探す
お気に入りに登録
お気に入りに追加できませんでした
新しく追加するには、5,000件未満に整理していただく必要があります。
お気に入り一覧へ
＼4時間★先着20％OFF／ 【 奇跡の軽さ 】 高評価★4.62 ANDSHIN公式 トートバッグ レディース 軽量 a4 通勤バッグ ファスナー 軽い かばん 軽いカバン ブランド 自立 通勤 通学 ビジネス 仕事用 お仕事バッグ シンプル スマート プレゼント ギフト
6,600
円
送料無料
60
ポイント
(
1
倍)
+0
4.52
(157件)
2/5 15:00までの注文で最短2/6お届け
送料無料ラインを3,980円以下に設定したショップで3,980円以上購入すると、送料無料になります。特定商品・一部地域が対象外になる場合があります。
もっと詳しく
ANDSHIN【公式】楽天市場店
1
2
3
4
5
6
7
8
9
...
次のページ
※検索結果が実際の商品内容（価格、送料、ポイント、在庫等）と異なる場合がございます。正しい情報は商品ページをご確認ください。
※検索結果上部の広告表示エリアに表示される広告商品には、商品名冒頭に[PR]と表記されております。
通勤バッグ レディースに関連する検索キーワード
財布 レディース 長財布
通勤バッグ レディース 軽い
長財布 レディース 本革
通勤バッグ レディース 小さめ
トートバッグ レディース 大きめ
長財布 レディース
ペットゲート
猫 脱走防止
リュック レディース 通勤
通勤バッグ レディース 軽い a4
お探しの商品が見つかりませんか?
〜
よくあるご質問
〜
・
欲しい商品があるのですが名称がわかりません。どのように探せばよいですか？
・
どのような商品検索方法があるのですか？
・
検索しても、商品が一つも表示されません
もっと見る
商品の検索でお困りの場合や、探し方について
楽天のスタッフに質問する
対話方式のチャットが開きます。
このページの使いやすさはいかがでしたか？
1
2
3
4
5
とても使いにくい
とても使いやすい
関連するジャンル
バッグ・小物・ブランド雑貨
バッグ
レディースバッグ
情報セキュリティの取り組み
SSLに対応している楽天市場では、クレジットカード番号は暗号化して送信されます。
安心してお買い物いただくために
楽天独自のガイドラインを設け、違反がないかを日々パトロールしています。
楽天のサステナビリティ
楽天は、すべての人々にとって持続的な未来を目指します。
会員情報
買い物かご
閲覧履歴
購入履歴
お気に入り
myクーポン
ランキング
スーパーDEAL
楽天市場トップ
ジャンル一覧
特集一覧
楽天市場アプリ
楽天のサービス一覧
出店のご案内
ご利用ガイド
ヘルプ・問い合わせ
企業情報
個人情報保護方針
投資家情報
サステナビリティ
プレスリリース
採用情報
© Rakuten Group, Inc.
スーパーDEAL対象商品
楽天会員様限定の高ポイント還元サービスです。「スーパーDEAL」対象商品を購入すると、商品価格の最大50％のポイントが還元されます。
もっと詳しく
楽天回線対応製品
「楽天回線対応」と表示されている製品は、楽天モバイル（楽天回線）での接続性検証の確認が取れており、楽天モバイル（楽天回線）のSIMがご利用いただけます。
もっと詳しく
楽天倉庫発送
楽天倉庫に在庫がある商品です。安心安全の品質にてお届け致します。(一部地域については店舗から出荷する場合もございます。)
キャッシュレス5%還元対象
このショップは、政府のキャッシュレス・消費者還元事業に参加しています。 楽天カードで決済する場合は、楽天ポイントで5%分還元されます。 他社カードで決済する場合は、還元の有無を各カード会社にお問い合わせください。
もっと詳しく
39(サンキュー)ショップ
送料無料ラインを3,980円以下に設定したショップで3,980円以上購入すると、送料無料になります。特定商品・一部地域が対象外になる場合があります。
もっと詳しくURL: https://mitsui-shopping-park.com/ec/feature/womens-businessbag
==================================================

2025.12.11
レディース向け通勤バッグ24選 A4対応で軽いトートが人気！
レディースの通勤バッグは、おしゃれなデザイン性と容量はもちろん、ポケットやストラップなどの機能性も重視したいところ。その日の仕事の予定や状況に合わせて使い分けられるように、さまざまなタイプを持っていると便利ですよね。今回は、通勤バッグの選び方とタイプ別のおすすめアイテムをご紹介します。
目次
まずは定番アイテムをチェック！
通勤バッグの選び方
おすすめ通勤バッグ24選
A4サイズ対応バッグ
通勤リュック
ミニバッグ
5,000円以下のプチプラバッグ
多機能バッグ
自立式バッグ
まずは定番アイテムをチェック！
通勤バッグの選び方
使いやすい通勤バッグを選ぶ際に重視していただきたいのが「大きさ」、「重さ」、「収納力」です。もっとも大きなポイントとなるのは、A4サイズのファイルが入るかどうか。モノを取り出しやすいようバッグの口が広いタイプも人気です。

また、重いバッグは電車通勤ではかなりのストレス……。女性用バッグなら600g台を目安に選ぶと良いでしょう。この他、マチが広いもの・内外にポケット機能があるものなどは収納力が高くて使い勝手が良いです。カラーは定番の黒以外のベージュ、グレー系がおしゃれに持てて狙い目です。
通勤バッグをもっと見る
おすすめ通勤バッグ24選
どのような通勤バッグを手にしようか迷っている方は、ぜひご自身の活用シーンを想像しながら選んでみてください。定番モノからあると便利なバッグまで、&mallイチオシのアイテムを6つのタイプ別でご紹介します。
A4サイズ対応バッグ
通勤バッグの王道ともいえるA4サイズ対応バッグ。もちろん、通勤以外に荷物の多いお出かけ時や一泊旅行など使い回しが利きやすいところも愛されるポイントです。定番だけど実は持っていないという方にはおすすめ。
通勤リュック
自転車通勤をされている方が多く愛用している通勤リュック。ビジネス向けにスマートなデザインも多く展開されています。撥水加工タイプの通勤リュックを選ぶと雨の日にも対応ができます。PCを持ち歩く際にも便利です。
ミニバッグ
キャッシュレス化をきっかけに財布やバッグをミニタイプに切り替える方が急増中！ バッグが小さいと余計な荷物を入れなくなって気分も軽くなりますよね。ぜひ、ミニバッグからストレスフリーな生活を始めてみては？
5,000円以下のプチプラバッグ
憧れのブランドバッグも良いけれど、毎日使うことを考えるならプチプラバッグも上手に使い熟したいですよね。最近では低価格で優秀なバッグが豊富に揃っています。手軽な値段なら色違いでGETするなんていう贅沢もできちゃいます。
多機能バッグ
通勤バッグで欠かせない多機能性。多くの方に支持されているのは、軽量型はもちろん、ストラップ付きの2WAYタイプなどのアイテム。また、バッグインバッグやバッグ内に仕切りがあるタイプは収納力が高くて手放せません。
自立式バッグ
出張や外回りが多い仕事の方にとって外せないのが自立式バッグ。バッグが自立していないと見た目からだらしない印象を与えるので気をつけたいところですよね。バッグを床に置くことが多い方は、底鋲があるタイプを選ぶことをおすすめします。就職活動のお供にも◎。
あわせて読みたい特集
マザーズバッグのおすすめは？便利＆おしゃれなアイテムの選び方
【タイプ別】使えるキャンバストート16選 おすすめブランドは？
【最新版】オフィスカジュアルのNGポイント！お手本コーデを紹介
ボウタイブラウスはどう着こなす？きれいめカジュアルな今っぽいコーデを紹介
普段着でも通勤でもOK！白シャツのレディースコーデ10選
初回ログインで1,000円OFFクーポンプレゼント
関連するカテゴリ
バッグ
トートバッグ
ショルダーバッグ
バックパック・リュック
ビジネスバッグ
人気の特集
9度の寒さを乗り切る！最高/最低気温別の必須アウターと防寒対策を徹底解説【レディース・メンズ】
2026/2/2
デザインも機能性も妥協しない！理想のオフィスバッグを見つけよう
2025/9/22
テイストミックスで差をつける、甘すぎない大人のスカートコーデ
2026/1/30
秋もおしゃれに働く！華やかオフィスカジュアル着こなし術
2025/10/17
春からの新生活に！おしゃれで実用的なバッグ&小物セレクション
2025/2/17
コートの種類を徹底解説！ シーン別レディースコートの選び方
2026/1/16
最新の特集
「また同じ服…」から脱出！春まで頼れる大人カジュアルアイテム4選
2026/2/4
職場ウケも休日映えも。ニットポロ／ハーフジップで清潔感アップ
2026/2/3
【最高・最低気温13度の服装】着こなしに迷わない！寒暖差を制する正解コーデ【レディース・メンズ】
2026/2/2
9度の寒さを乗り切る！最高/最低気温別の必須アウターと防寒対策を徹底解説【レディース・メンズ】
2026/2/2
心地よい暮らしのためのインテリア特集
2026/2/2
今買って春も使える！2月の人気アイテムランキング
2026/2/2URL: https://voi.0101.co.jp/voi/content/01/sp/topics/column/column_245.html
==================================================

コンテンツへスキップ
ファッション通販マルイウェブチャネル
>
コラムからさがす
>
【レディース】かわいい通勤バッグ！20代・30代・40代のおすすめは？
前のページへ
【レディース】かわいい通勤バッグ！20代・30代・40代のおすすめは？
BY マルイ編集部
最終更新日：2025/11/19
20代・30代・40代それぞれにおすすめのレディース通勤バッグをご紹介します。「毎日使う通勤バッグはおしゃれで実用性のあるものにしたい」と考えている女性は多いでしょう。コスメポーチや折りたたみ傘、書類など、通勤バッグに入れたいものはさまざまですが、大容量でもおしゃれにかわいく見せたいですよね。マルイウェブチャネルでも購入できますので、ぜひチェックしてみてください♪
通勤バッグ（レディース）ランキング
もっとみる
目次
1.おしゃれなレディース通勤バッグの選び方
2.【20代OL向け】おすすめレディース通勤バッグ
3.【30代OL向け】おすすめレディース通勤バッグ
4.【40代OL向け】おすすめレディース通勤バッグ
5.【カジュアル】レディース通勤バッグのおすすめ
まとめ レディース通勤バッグはブランドものにこだわりすぎないのがおすすめ
1.おしゃれなレディース通勤バッグの選び方
おしゃれな通勤バッグはどのようにして選ぶと良いのでしょうか？　自分にあった通勤バッグを選ぶには、抑えておきたいいくつかのポイントがあります。ここでは通勤バッグを選ぶ際に注意すべきポイントを紹介します。
1-1 バッグの種類は職種に合わせて選ぼう
まずは営業、事務、IT系など、職種に合わせてバッグの種類を選ぶのがおすすめです。バッグの形では、どの職業にも共通して持てるのがトートバッグ。営業職なら社外の人とも会う仕事ですから、なるべく装飾が少なく落ち着いたカラーのトートバッグがおすすめです。
一方、事務であれば会社の規定にもよりますが、ベージュやライトグレーなど多少明るめのカラーを選んでもOK！
IT系やベンチャー企業の場合、「スニーカーOK」など服装規程がゆるいところもあります。その場合は、通勤バッグがリュックでも問題ありません。
1-2 素材はナイロン・レザーがおすすめ
通勤バッグの素材はナイロンか、レザーがおすすめです。ナイロンは型崩れしにくく、軽くて簡単に洗濯できる素材ですが、色によっては汚れが目立ちやすくなります。
レザーは上質感や、長く使える丈夫さが魅力です。一方、水分や温度変化に弱く、カビが生えやすいというデメリットもあります。きちんと感を出すならレザー、機能性・実用性重視ならナイロンを選ぶと良いでしょう。
1-3 サイズはA4以上がマスト！
通勤バッグのサイズはA4サイズ以上を選んだ方が良いでしょう。なぜならA4サイズが入らないビジネスバッグは、一般的にマナー違反とされているためです。
書類を持ち歩くことがない職種でも、会社から記入書類などを渡されることもあるため、A4サイズが入るバッグなら安心できます。
1-4 カラーは黒・グレー・ネイビー・ベージュがおすすめ
通勤バッグのカラーはベーシックな色を選ぶのがおすすめです。とりわけ営業職の場合は、黒かネイビーが無難。事務職の場合はグレーやベージュでも、問題ありません。
また、スーツのカラーと合わせて選ぶのも良いでしょう。黒、ネイビーのスーツなら差し色としてベージュ、ライトグレーのバッグを合わせるのがおすすめです。迷う場合は通勤時によく履いているパンプスのカラーに合わせると、コーデに統一感が出ます。
2.【20代OL向け】おすすめレディース通勤バッグ
20代は会社の中ではまだまだ若手。あまりデザイン性の高い通勤バッグは避けたほうが無難です。では、20代OLの通勤にちょうどいいバッグとは、どのようなバッグでしょうか？ここでは20代におすすめの通勤バッグを紹介します。
2-1 長めのハンドルが肩がけしやすいトートバッグ
マイケル・コースのA4サイズ対応のトートバッグは、ベルトにさりげなく飾られたブランドロゴと、きれいめなシルエットが魅力的です。シンプルなデザインで定番ともいえるブランドなので、20代のビジネスウーマンにぴったり！
内ポケットもついていて小物も収納しやすく、500mlペットボトルも立てて入れられる大きさで、通勤バッグに必要な機能性もしっかり備えている優れものです。
REED ベルテッド トート ラージ／マイケル・コース
このレディース通勤バッグの詳細はこちら
このブランド×アイテムの一覧はこちら
マイケル・コースのバッグランキング
もっとみる
2-2 パソコンも入るマチ付きトートバッグ
大容量のトートバッグが好みなら、こちらのバッグもおすすめです。A4サイズに対応したサイズ感と広めのマチ付きで、パソコンを入れてもさらに余裕をもって書類や私物を収納できます。
内側の小物用ポケットだけでなく外側にもポケットがあり、すぐに取り出したいものを入れておけるのもポイントです。ブラック、アイボリー、グレージュとベーシックな3色展開なので、どの色も通勤服と合わせやすいのも魅力です。
トートバッグ A4サイズ 16202／
ジュエルナ ローズ
このレディース通勤バッグの詳細はこちら
このブランド×アイテムの一覧はこちら
ジュエルナ ローズのバッグランキング
もっとみる
2-3 女性でも使えるプチプラ大きめメンズトートバッグ
たくさんの書類や荷物を便利に持ち歩きたいなら、A3サイズ対応の大きめトートはいかがでしょうか。こちらはメンズトートバッグですが、女性が使っても大きくてかわいい、魅力的なデザインです。
丈夫なフェイクレザーを使用しているため、重い荷物で動き回るのも安心！コスパバツグンで高見えするので、スーツに合わせて色違いを使い回すのもおすすめです。
スクエア ビッグ トートバッグ／Rename リネーム
このレディース通勤バッグの詳細はこちら
このブランド×アイテムの一覧はこちら
リネームのバッグランキング
もっとみる
3.【30代OL向け】おすすめレディース通勤バッグ
30代は仕事にも慣れ、大人の女性としての品格が出てくる年代。通勤バッグも上質で、地味すぎないデザインを選ぶのがおすすめです。忙しい30代だからこそ、退勤後の予定にも対応できる通勤バッグが嬉しいですね。ここでは30代におすすめの通勤バッグをご紹介します。
3-1 ショルダー付きの2WAYトートバッグ
ミアンのトートバッグは、バイカラーのチャームがワンポイント。前面にファスナー付きのポケットがあり、貴重品などを安心して保管できます。
さらにショルダー付きで肩がけもできる2WAY仕様のため、両手がふさがらない使い方も可能です。12cmの底マチ付きでペットボトル、折りたたみ傘などもラクラク収納できます。
【CALLA】シンプルA4トートバッグ / ドラマ着用アイテム／ミアン
このレディース通勤バッグの詳細はこちら
このブランド×アイテムの一覧はこちら
ミアンのバッグランキング
もっとみる
3-2 シンプルで上質なトートバッグ
アニエスベーのブランド力をしっかりと感じ取れる上質なトートバッグは、アニエスべーの象徴ともいえる大きめのb.メタルに革を貼ったブローチがアクセントです。定番素材のナイロン使用で丈夫ながらも上質なルックスは、A4ファイル対応にも関わらず全体のシルエットをすっきりと見せてくれます。
トレンドも季節も問わないベーシックなデザインですが、ビジネスシーンをおしゃれに演出できるバッグです。
WAS37-01 トートバッグ／アニエスベー ボヤージュ
このレディース通勤バッグの詳細はこちら
このブランド×アイテムの一覧はこちら
アニエスベー ボヤージュのバッグランキング
もっとみる
3-3 耐久性バツグンのナイロントートバッグ
こちらはナイロンバッグの信頼あるブランド、ポーターのバッグです。パスケース付きで実用性に優れているだけでなく、ライトブラウンのバッグ生地にバイカラーのパスケースが映えておしゃれ見えを実現してくれます。
耐久性が高く、汚れ落としも楽にできてしっかり使えるのが魅力。クッション性のある素材が使用されているため、パソコンの収納にも最適です。
ポーター　シア　トートバッグ（L）　(871-05182)／ポーター 吉田カバン
このレディース通勤バッグの詳細はこちら
このブランド×アイテムの一覧はこちら
ポーター 吉田カバンのバッグランキング
もっとみる
4.【40代OL向け】おすすめレディース通勤バッグ
部下に仕事を教える機会が増える40代には、通勤バッグも大人のラグジュアリー感が漂うものがおすすめです。ただし、体力の変化を感じ始める年代でもあるため、軽量で持ち運びが楽なものを選ぶことも重要！ここでは40代におすすめの通勤バッグをご紹介します。
4-1 きちんと感のあるナイロントートバッグ
大ぶりのナイロントートバッグですが、ハンドルとその周辺のみレザーを使ったデザインで、きちんと感もありつつ実用性も兼ね備えています。メイン素材がナイロンのため、大容量にも関わらず軽いのもメリットでしょう。
本革使用で、使うほど味わい深い上質感を演出できるのもポイントです。ゴールドのネームタグやヒネリ金具もおしゃれ。
ペルケ perche / ナイロン牛革ヒネリ金具トートバッグ／ペルケ
このレディース通勤バッグの詳細はこちら
このブランド×アイテムの一覧はこちら
ペルケのバッグランキング
もっとみる
4-2 抜け感のあるナイロントートバッグ
A4サイズがすっぽり入り、軽くて撥水機能もある使いやすいトートのこちらもおすすめ。
さりげないクラウン刺繍やアウトライン・口元にあしらったグログランリボンがほんのり甘目のニュアンスをプラス。ハンドルのリボンにはTOCCAロゴをプリントし、フェミニンながらスポーティなアクセントになっています。
【WEB＆一部店舗限定】【A4サイズ対応・撥水】PISCINA TOTE L トートバッグ L／トッカ
このレディース通勤バッグの詳細はこちら
このブランド×アイテムの一覧はこちら
トッカのバッグランキング
もっとみる
5.【カジュアル】レディース通勤バッグのおすすめ
職種や会社の服装規定によっては、フォーマルなトートバッグでなくても通勤できる場合があります。ただし、あまりにも派手なデザインやリラクシーなデザインは避けるべきでしょう。ここでは会社に持っていけるカジュアルなバッグをご紹介します。
5-1 大きめカジュアルトートバッグ
こちらはナイロン素材のバッグですが、きちんと感のある舟型のシルエットで通勤にもしっかりと対応できます。大きめサイズで持ち物が多い方におすすめです。
また、スニーカーやデニムなどカジュアルなアイテムとも相性バツグンなため、旅行やジムなどのプライベートにも使い回しが可能。大きいけれど一枚仕立てで軽く持てるバッグです。
TIDY/タイディ トート バッグ L／トプカピ
このレディース通勤バッグの詳細はこちら
このブランド×アイテムの一覧はこちら
トプカピのバッグランキング
もっとみる
5-2 女性らしさのある軽量リュック
リュックでの通勤には、マーガレット・ハウエル アイデアの大ぶりリュックがおすすめです。フロントの大きなポケットとサイドポケットがあり、必要なものをすっきりと収納できるのがポイント。大容量でパソコンを収納しても余裕があります。
後ろからのビジュアルは、洗練された女性らしいシルエット。しっかりめのスクエア型でカジュアルになりすぎないリュックです。
MARGARET HOWELL idea　ルストン　リュック／マーガレット・ハウエル アイデア
このレディース通勤バッグの詳細はこちら
このブランド×アイテムの一覧はこちら
マーガレット・ハウエル アイデアのバッグランキング
もっとみる
5-3 ビジネスリュックならカジュアルになりすぎない
エースのビジネスリュックはクッション性バツグンのパソコン用ポケット付きで、15.6インチまでのパソコンが収納できる本格派です。
パソコンを入れた荷物は重くなりやすく、できるだけ楽に通勤したいもの。リュックでの通勤に抵抗があるものの、重い荷物を楽に持ち運びたいとき、ビジネス用のリュックならきちんと感も演出できておすすめです。
レディースビジネスリュック／エース
このレディース通勤バッグの詳細はこちら
このブランド×アイテムの一覧はこちら
エースのバッグランキング
もっとみる
まとめ レディース通勤バッグはブランドものにこだわりすぎないのがおすすめ
毎日使う通勤バッグは、耐久性・機能性・実用性が揃っているほうが良いでしょう。特に営業バッグなどは使用時間も長く傷みやすいため、高価なブランドもののバッグにこだわりすぎず、使いやすさを重視した楽に持てるものを用意するのがおすすめです。気になる通勤バッグがあればぜひマルイウェブチャネルでチェックしてみてください！
この記事で紹介した通勤バッグ（レディース）の一覧はこちら
通勤バッグ（レディース）ランキング
もっとみる
この記事で紹介した通勤バッグ（メンズ）の一覧はこちら
通勤バッグ（メンズ）ランキング
もっとみる
最後までお読みいただきありがとうございます！
(マルイ編集部)
こちらのコラムもおすすめ
トートバッグおしゃれ
おしゃれなトートバッグの選び方。素材で変わる印象とおすすめ商品
バッグブランド
バッグの人気ブランド【レディース】年代別・素材・形別おすすめ
トートバッグはどう選ぶべき？
選び方のポイントや人気ブランドをご紹介！
バッグ人気
トレンド感があってかわいい♡人気のレディースバッグを大調査
コラム一覧へ
トートバッグのおすすめアイテムはこちら
キャンバストート
前のページへ
このページの先頭へURL: https://my-best.com/6797
==================================================

選び方
ランキング
レディース通勤バッグのおすすめ人気ランキング【2026年2月】
働く女性に欠かせない通勤バッグは、ファッションアイテムとしてもおしゃれなものを選びたいですよね。レディース用の通勤バッグは、A4サイズの書類やPCが入る大容量サイズのトートバッグをはじめ、リュックやショルダーバッグ
など、バリエーション豊富。おしゃれなブランドのバッグもあり、どれがよいか迷いますよね。
そこで今回は
レディース通勤バッグのおすすめ人気ランキングと、その選び方をご紹介
します。職場や働き方にぴったりのバッグを見つけ、通勤をもっと快適かつ気分が上がる時間にしましょう。
監修者
アパレル・服飾雑貨の専門家
深沢光
大手アパレルメーカー、繊維商社にてデザイナー・マーチャンダイザーとして、ブランド立ち上げやリブランディングに携わり、2013年横浜で地産地消を目的としたファッションプロジェクト立ち上げを契機にデザインラボ創業。2019年デザインラボ株式会社設立。同社の代表取締役／クリエイティブ／ディレクター／デザイナー。企業向けファッション・スポーツ・ユニフォーム・サイクル製品等のブランディング、マーケティング・デザイン支援を行う。
深沢光のプロフィール
…続きを読む
ガイド
マイベスト ライフスタイル領域担当
佐々木里緒
日用品・掃除用品・衛生器具・文房具・ファッション用品など身近な生活で使う幅広い商材のコンテンツ制作に5,000本以上携わる。自身のモットーとして「違いがわかりにくい商材だからこそ、実際に検証しなければわからない情報を届けること」を心掛け、情報発信を行っている。。
佐々木里緒のプロフィール
…続きを読む
監修者は「選び方」についてのみ監修をおこなっており、掲載している商品・サービスは監修者が選定したものではありません。
最近の更新内容
2026.02.01
更新
ランキングを更新しました。
全部見る
レディース通勤バッグの選び方
レディース通勤バッグを選ぶ際に必ずチェックしておきたい「7つのポイント」
をご紹介します。
1
持ち歩くものが入る、ちょうどよいサイズを選ぼう
仕事で持ち歩きたい荷物やアイテムの大きさに合わせて、ちょうどよく収納できるサイズの通勤バッグを選びましょう。レディース用の通勤バッグはA4に対応したサイズが主流ですが、コンパクトなものやA4以上の大きめサイズもあります。
最低限の荷物なら、A4以下のコンパクトサイズがおすすめ。軽くて楽に持てる
出典：
item.rakuten.co.jp
貴重品や手帳といった必要最低限の小物しか持ち歩かないなら、A4以下の容量小さめ通勤バッグが向いています。
このサイズはコンパクトで軽いので、楽に通勤できるのが魅力
です。気軽に動けるため、お仕事帰りにご飯を食べに行くなど、寄り道してから帰ることが多い人にもぴったりですよ。
ファイルや書類を入れるなら、A4対応のバッグがぴったり
出典：
store.shopping.yahoo.co.jp
A4サイズのファイルや書類を持ち歩きたい人には、A4対応の通勤バッグがぴったりです。この大きさは女性用通勤バッグの定番サイズで、豊富な選択肢から選べます。
大きいPCなどは持ち歩かない人や新社会人は、基本的にこのサイズを選ぶとよい
でしょう。
PCや多くのアイテムを収納したいなら、A4以上の大きめサイズがおすすめ
出典：
item.rakuten.co.jp
PCや大量の資料を持ち歩く人やお弁当を入れたい人には、A4以上が入る大きめサイズが向いています。
バッグにお弁当・水筒をまとめて入れるとサブバッグを持たなくてよくなるため、通勤中に手が空く
のが便利です。13インチのノートパソコンはもちろん、16インチのノートパソコンに対応した通勤バッグも選べます。
また、
お弁当や水筒を入れるなら、マチの広さに注目することも大切
です。いろいろな荷物に加えてPCを持って行きたい人も、マチが広い通勤バッグがおすすめ。PCは通勤バッグの中でかさばりやすく、マチが狭いとほかのものが入りにくくなるためです。
ランキングを見る
2
バッグの形やサイズも要チェック
あわせてバッグの形やサイズもチェックしましょう。レディース通勤バッグはトートタイプがほとんどですが、なかには背負えて両手が空くのが便利なリュックタイプの通勤バッグもあります。
トートバッグ：スマートな見た目でビジネスシーンにぴったり。2wayも人気
出典：
amazon.co.jp
スマートに手で持ちたいなら、トートバッグタイプがおすすめ。
トートバッグは手に提げる分、中身の出し入れがしやすいのがメリット
です。見た目がおしゃれな通勤バッグも多く、フォーマルな印象を与えます。サイズの選択肢も豊富なので、あらゆるシーンで役立つバッグがほしいなら要チェックです。
ただしトートバッグは手や腕で提げると重さを感じやすく、通勤時間が長い人にはあまり向きません。
職場が遠い、長時間移動が多いなどの場合は、ショルダーバッグにもできる2wayタイプはいかが
でしょうか。肩掛けできるので腕の負担を減らせて、手を空けられるのが便利です。
リュック：重い荷物も楽に持ちやすい！両手が空くのも魅力
出典：
amazon.co.jp
両手を空けて楽に通勤したいなら、通勤バッグにリュックを検討しましょう。背負えて両手を自由に使えるのが便利であるうえ、
両肩に重さが分散して快適に歩けるのが魅力
です。A4対応サイズのリュックも多く、PC・お弁当・水筒などの重いものを持ち歩く人にはとくにおすすめです。
ただし
リュックタイプはカジュアルな雰囲気になりやすい
ので、フォーマルに決めたいビジネスシーンでは避けたほうがよい場合もあります。また満員電車で通勤する際は、リュックを背負ったままだと周囲の迷惑になりやすいので、体の前に抱えるなどの対策が必要です。
ランキングを見る
3
好みや使用シーンに合ったカラーをチョイス
レディースの通勤用バッグにはいろいろなカラーがあるので、好みや使用シーンに合った色を選択しましょう。適した色は職場や業種によって異なるため、職場の雰囲気や服装に合ったものを探してくださいね。
定番の黒・紺・ベージュなら、安定のカラーでビジネス使いにおすすめ
出典：
store.shopping.yahoo.co.jp
きちんと感を重視したい人には、黒・紺・ベージュ、さらにグレー・ブラウンなど定番カラーのバッグがおすすめです。
ビジネスシーンに適した安定のカラーで、通勤はもちろん取引先との商談時にも浮きません
。スーツをはじめとするさまざまな通勤ファッションにも合わせやすいバッグで、1つあると便利に使いまわせます。
オフィスカジュアルな服装や内勤メインの職場は、好きな色でもOK
出典：
amazon.co.jp
オフィスカジュアルな服装で通勤する職場や、基本的に内勤の仕事がメインの場合は、定番カラー以外を選んでも問題ないケースがほとんどです。ピンク・ブルー・イエロー・グリーンなど、
好きな色のバッグを手に取りましょう
。トレンドの色を取り入れてみるのもありですね。
その分
デザインやフォルムは、ビジネスバッグらしくシンプルにする
のがポイント。ビジネスシーンで使うことを踏まえ、大きなブランドロゴや派手な装飾が入った通勤バッグは避けるのが無難です。
ランキングを見る
4
快適に使うには、軽量かもチェックしよう！
出典：
amazon.co.jp
通勤バッグを快適に持つには、バッグの重量もしっかり確認しましょう。通勤バッグには本革や合成皮革などの素材を使ったものが多い傾向がありますが、これらはやや重いのが難点。毎日使うものだからこそ、できるだけ軽量の通勤バッグ選びが大切です。
600g台の通勤バッグなら軽くて楽に持てる
でしょう。
さらに軽いものがほしいなら、
軽量なナイロン製の通勤バッグがおすすめ
です。ナイロン製のバッグにはカジュアルなイメージがありますが、ビジネスシーンで浮きにくいデザインの通勤バッグも販売されています。500g程度の軽量なアイテムもあるので、重い荷物をたくさん入れたい人や徒歩で通勤する人は注目しましょう。
ランキングを見る
5
収納機能にも注目しよう
便利な通勤バッグを選ぶうえで、見逃せないのが収納の機能性です。スマートな印象を与えるためには、整理整頓がしやすいバッグを選びましょう。
ポケットが充実したバッグは、中身をきれいに整理したい人向け
出典：
item.rakuten.co.jp
バッグの中身をきれいに整理しながら持ち歩きたい人は、ポケットが充実した通勤バッグをチョイスしましょう。ポケットが多いと、
スマホ・ティッシュ・リップ・キーケースなどの小物を収納でき、使いたいときにサッと取り出せます
。外ポケットもある通勤バッグなら、移動時に出し入れしやすく便利です。
PCを持ち歩くなら、PCポケットがある通勤バッグがおすすめ
。
PC用のクッションポケットがある通勤バッグや、ポケットのファスナーに撥水加工を施した通勤バッグなら、衝撃や雨からPCを守れます。大事なPCを持ち歩く人は要注目です。
ファスナー付きなら、中身が見えずスマート＆プライバシー保護可能
出典：
amazon.co.jp
プライバシーや機密性の高い書類を保護するには、ファスナー付きの通勤バッグがおすすめです。
人混みや満員電車に乗るときに、貴重品を盗まれる可能性もグッと低くなります
。バッグにいろいろと詰めても、ファスナーを閉めればごちゃごちゃした中身を隠せて、スマートな印象で持ち歩けるのも魅力です。
ランキングを見る
6
外回りが多いなら、自立型が汚れにくく使いやすい
出典：
amazon.co.jp
外回りが多い女性には、自立型の通勤バッグがおすすめです。外出先での商談や訪問先の玄関などでは、バッグの置き場がなく床に置く場面も。自立型の通勤バッグなら床に立てて置けるので、必要なアイテムをサッと出し入れできます。
大切な通勤バッグを倒して置いて、汚したくない人にももってこい
です。
ランキングを見る
7
上質なものがよいならブランドのバッグもおすすめ
通勤バッグは上質なものを使いたいなら、レディースブランドのバッグもおすすめです。通勤時の気分が上がるのはもちろん、長く大切に使えるでしょう。
豊富な選択肢から選びたい人は、
ロンシャンのバッグ
をチェック。「ル プリアージュ」をはじめとして、
軽量なナイロン素材やレザー素材のA4対応バッグ
がそろっており、通勤バッグにぴったりです。きれいめのスーツスタイル・カジュアルな通勤スタイルどちらでも合わせやすいでしょう。
プチプラのレディースブランドからおしゃれな通勤バッグを探すなら、ROPÉがおすすめです。高級感のあるレザー素材のA4対応バッグが多く、なかにはハンドバッグ・セミショルダーバッグの2wayで使えるものも。
取り外せるポーチ付きなど、財布や小物などの収納に便利な通勤バッグもある
ので、ぜひチェックしてください。
コンテンツの誤りを送信する
選び方は参考になりましたか？
参考になった
参考にならなかった
レディース通勤バッグ全50商品
おすすめ人気ランキング
レディース通勤バッグのランキングは以下の通りです。なおランキングの算出ロジックについては、
コンテンツ制作・運営ポリシー
をご覧ください。
人気順
絞り込み
商品
画像
最安価格
ポイント
詳細情報
幅
マチ
高さ
本体重量
素材
内側ポケット数
外側ポケット数
バッグの種類
使用方法の数
収納可能サイズ
ファスナー付き
自立型
商品説明
1
ミオリ
トートバッグ
Amazon
3,980円
ヤフー
楽天市場
ストラップの長さ調節が可能。荷物を整理しやすいのも魅力
32～42cm
14.5cm
28.5cm
580g
フェイクレザー
4ポケット
不明
トートバッグ
不明
A4
長さを3段階に調節できるベルト状のストラップがポイント。内ポケットがたくさんあるので、折りたたみ傘・財布・ポーチなどさまざまな小物をきれいに整理できます。表面に凹凸加工が施されているため傷がつきにくく、長く使用しても風合いが落ちにくいでしょう。
2
アンコール
オフィストートバッグ
4,980円
Amazon
ヤフー
4,980円
楽天市場
使い勝手にこだわったベーシックなデザイン
42cm
15cm
28cm
650g
クロス加工PUレザー
6ポケット
不明
トートバッグ
不明
A4
持ち手部分の質、ポケットの深さなど、ベーシックモデルの本質を考えて作られたバッグです。A4サイズが入る大きさで、中はポケットで仕切られているため使い勝手がいいのが魅力。雨の日でも使える生活防水仕様です。
3
NEWHEY
レディース ビジネスバッグ
3,780円
Amazon
ヤフー
楽天市場
高密度ポリエステルとレザーを使用した、高級感と機能性が魅力
45cm
16cm
30cm
800g
ポリエステル
5ポケット
不明
トートバッグ
不明
A4
ポリエステルとレザーの組み合わせがおしゃれな、高級感あふれる商品。シンプルなデザインで、収納力と機能性の高さが魅力です。ノートパソコンや分厚い資料も入れられるうえ、高密度ポリエステルを使用しているため、突然の雨でも中身をしっかり守ります。
4
ユメックス商事
レディースビジネスバッグ
2,270円
Amazon
2,111円
ヤフー
1,880円
楽天市場
持ち手が長めで肩掛けしやすい。A4ファイルも収納可能
35cm
11cm
26cm
380g
ポリエステル
3ポケット
1ポケット
トートバッグ
不明
A4
A4ファイルが収納可能な、ビジネスシーンやフォーマルにも使える便利なバッグ。メインルームはファスナー式になっており、両側や背面、内部にポケットが付いているため、小物を分けて収納できます。肩掛けもできる長めに作られた持ち手が特徴です。
5
RAINSMORE
レディース トートバッグ
Amazon
ヤフー
楽天市場
撥水加工と自立機能で面接や通勤に適したバッグ
約34cm
約13.5cm
約26cm
不明
合成皮革、ポリエステル
3個
2個
トートバッグ
3way
A4
通勤や就活に適している大容量トートバッグです。自立機能により、面接時や着席時にバッグがしっかりと立ち、底鋲で型崩れを防ぎます。撥水性と耐久性に優れた素材を使用し、雨や汚れからバッグを守ります。
6
栄屋商店
memezawakaban
｜
ビジネスリュック
14,850円
Amazon
14,850円
ヤフー
14,850円
楽天市場
上品きれいめ。ポケット14個付き軽量2wayリュック
約30cm
約15cm
約36.5cm
約860g
ナイロンツイル、付属合皮
不明
不明
リュックサック
2way
A4
艶のあるサラサラとした質感のナイロンを本体表地に採用した、上品できれいめデザインの2wayトートリュックです。13インチ程度のノートPC収納可能なウレタンポケット搭載。貴重品や小物等の収納に便利なポケットを合計14個備えています。
7
エムディワール
グッシオ ゴールドラベル 通勤通学トートバッグ
5,900円
Amazon
ヤフー
楽天市場
4つのポケットと付属のポーチで荷物を整頓しやすい
39.5cm
12cm
29cm
910g（付属品含む）
PUレザー
2ポケット
1ポケット
トートバッグ
不明
A4
ベルトのデザインが上品で、大人っぽさが感じられます。大きめのポケットが4つあり、ファスナーを開けずに出し入れできるアウターポケットはスマホや財布など頻繁に使うものを入れるのに便利です。バッグと同系色のポーチ付きなので、整理整頓がしやすいでしょう。
8
RAKEE
ビジネスバッグ
2,988円
Amazon
ヤフー
楽天市場
丈夫なキャンバス素材を使用しシンプルで使いやすいデザイン
下幅：30cm／上幅：40cm
17cm
33cm
700g
レザー
不明
不明
トートバッグ
3way
A4
機能美を追求したシンプルで使いやすいデザインが特徴です。ショルダーストラップの調整が可能で、肩への負担を軽減。高品質なキャンバス素材を使用し、耐摩耗性・耐引裂性・耐久性・快適性・通気性を兼ね備えています
9
栄屋商店
memezawakaban
｜
トートリュック
｜
55100
15,400円
Amazon
ヤフー
15,400円
楽天市場
上品で軽量な2wayトートリュックが通勤を快適に
29cm
15cm
35cm
800g
ポリエステル、ナイロン、合成皮革
不明
3個
トートバッグ、リュックサック
2way
A4
13インチPCを収納できるウレタンポケットつきで、通勤や営業などにも使えるおしゃれなバッグ。オリジナルジャガード素材と上品なデザインで、トートバッグとリュックの2wayで使用できます。ボトルホルダー・メッシュポケット・ファスナーポケットなど、収納がたくさんあり便利ですよ。
10
Dakuly
ビジネスバッグ
4,780円
Amazon
ヤフー
楽天市場
直置きできる鋲つき、高級感溢れるデザインのビジネスバッグ
約41cm
約13cm
約30cm
不明
ポリエステル、合成皮革
6個
1個
トートバッグ
2way
A4
ビジネスに必要なノートパソコンも分厚い資料も収納できるビジネスバッグです。ポリエステルと合成革の組み合わせと堅固な金具も加わり、高級感溢れるデザイン。底に鋲が4つついており、直置きでも傷や汚れからバッグを守ります。
比較表の続きを見る
お探しの商品がない場合は、
商品の掲載をリクエスト
できます。
1
ミオリ
3,980円
2
アンコール
4,980円
3
NEWHEY
3,780円
4
ユメックス商事
1,880円
5
RAINSMORE
3,299円
6
栄屋商店
|
memezawakaban
14,850円
7
エムディワール
5,900円
8
RAKEE
2,988円
9
栄屋商店
|
memezawakaban
15,400円
10
Dakuly
4,780円
11
目々澤鞄
16,500円
12
EMPSIGN
4,490円
13
栄屋商店
|
memezawakaban
15,400円
14
リアドベント
4,990円
15
エース
|
ace. GENE LABEL
ビエナ3
14,630円
16
Fereple
4,680円
17
RAINSMORE
3,999円
18
Manatsulife
4,001円
19
MFFOR
8,880円
20
IGOLUMON
3,984円
21
エース
|
ace. GENE LABEL
エセンシア
16,500円
22
エース
|
ace.
14,630円
23
三宅
|
E.L.A
3,878円
24
DORACO
32,450円
25
Dakuly
4,899円
26
Haixifry
1,687円
27
Lumeland
6,680円
27
Lumeland
6,680円
29
青山商事
|
SUIT SQUARE
21,890円
30
栄屋商店
|
memezawakaban
16,500円
31
アミアン・ハウス
9,800円
31
アミアン・カンパニー
|
アミアンハウス
9,800円
33
木和田正昭商店
|
YOUTA
33,550円
34
WYYUE
4,800円
35
Yindaity
1,646円
36
エクスプラス
6,490円
37
ZQSMYXGS
4,677円
38
Caividom
1,980円
39
エース
|
マッキントッシュフィロソフィー
ミア
26,400円
40
Apaeofl
4,914円
41
アミアン・カンパニー
|
アミアンハウス
7,800円
42
サンシーワールド
4,890円
43
アミアン・カンパニー
|
アミアンハウス
5,900円
44
丸正産業
6,468円
45
FALCONER
5,500円
46
ツタハラ
13,200円
47
ロンシャン・ジャパン
|
LONGCHAMP
33,999円
48
Heyrtz
3,999円
49
ネスリーフ
4,480円
50
NUBILY
3,468円
通勤用のバッグを探している人はこちらもチェック！
通勤用のバッグを探している人はこちらもチェックしましょう。以下のコンテンツではA4サイズの書類やPCが入るトートバッグと、ビジネスリュック・PCリュックの人気商品ランキングをご紹介しています。自分にぴったりのバッグを見つけ、通勤をより快適にしてくださいね。
【徹底比較】ビジネスリュックのおすすめ人気ランキング【最強の通勤リュックは？2026年1月】
【徹底比較】PCリュックのおすすめ人気ランキング【2026年1月】
A4・パソコンが入るトートバッグのおすすめ人気ランキング【2026年1月】
コンテンツの誤りを送信する
レディース通勤バッグの売れ筋ランキングもチェック！
なおご参考までに、レディース通勤バッグのAmazonの売れ筋ランキングは、以下のリンクからご確認ください。
レディース通勤バッグのAmazonの売れ筋順の商品ラインナップを見る
レディース通勤バッグを含むカテゴリのAmazon売れ筋ランキングを見る
コンテンツの誤りを送信する
おすすめのレディース通勤バッグランキングTOP5
1位:
ミオリ
｜
トートバッグ
2位:
アンコール
｜
オフィストートバッグ
3位:
NEWHEY
｜
レディース ビジネスバッグ
4位:
ユメックス商事
｜
レディースビジネスバッグ
5位:
RAINSMORE
｜
レディース トートバッグ
ランキングはこちら
コンテンツ内で紹介した商品を購入すると、売上の一部がマイベストに還元されることがあります。
各商品の紹介文は、メーカー・ECサイト等の内容を参照しております。
掲載されている情報は、マイベストが独自にリサーチした時点の情報、または各商品のJANコードをもとにECサイトが提供するAPIを使用し自動で生成しています。掲載価格に変動がある場合や、登録ミス等の理由により情報が異なる場合がありますので、最新の価格や商品の詳細等については、各ECサイト・販売店・メーカーよりご確認ください。
人気
リクルート・ビジネスバッグ関連のおすすめ人気ランキング
2wayビジネスリュック
65商品
就活用バッグ
31商品
レディース向けビジネスリュック
58商品
TUMIビジネスバッグ
16商品
3WAYビジネスバッグ
79商品
ビジネスバッグ
138商品
徹底比較
ブリーフケース
43商品
徹底比較
革製ビジネスバッグ
24商品
スヌーピー柄のトートバッグ
50商品
新着
リクルート・ビジネスバッグ関連のおすすめ人気ランキング
革製ビジネスリュック
7商品
人気
リクルート・ビジネスバッグ関連の商品レビュー
3WAYバッグ
ユニクロ
3WAYビジネスバッグ
|
3,990円
BRIEFING 3WAYビジネスバッグ
ユニオンゲートグループ
3WAYビジネスバッグ
|
137,940円
2WAY ビジネスバッグ
ワンズショップ
ブリーフケース
|
2,980円
Aer Flight Pack 3 BLACK
MSPC
3WAYビジネスバッグ
|
31,900円
ブリーフバッグ
コナカ
ブリーフケース
|
10,890円
ユイク バイオームバリアクリームミスト
Genome&Company
2,640円
新着
リクルート・ビジネスバッグ関連の商品レビュー
ace. GENE LABEL プロフレックス ブリーフケース
エース
ブリーフケース
|
17,710円
アサルト3ウェイ
GREGORY
3WAYビジネスバッグ
|
23,709円
カバートミッションスリム
SAMSONITE
ブリーフケース
|
24,200円
UNITED ARROWS レザー スクエア ブリーフ
ユナイテッドアローズ
ブリーフケース
|
37,400円
マッキントッシュフィロソフィー バルヴェニー ブリーフケース
マッキントッシュ
ブリーフケース
|
37,400円
ace. プロフレックス 3wayビジネスリュック
エース
3WAYビジネスバッグ
|
23,100円
Seon 3-Way 20
Mammut
3WAYビジネスバッグ
|
21,054円
アーキテクチャーアーバン2 ブリーフケース
Victorinox
ブリーフケース
|
35,043円
GOLDMEN 本革×CORDURA ビジネスバッグ
TRANSIC
ブリーフケース
|
16,137円
DANTESCA ブリーフケース
DANTESCA
ブリーフケース
|
43,780円
リクルート・ビジネスバッグの商品レビューをもっと見る
人気
ファッション関連のfavlist
40代におすすめのナイトブラ8選【ランジェリースタイリスト厳選！】
ランジェリースタイリスト
中根菜穂子
【30・40代女性必見!】着るだけで自信を取り戻せる！大人向けスタイルアップ下着7選
下着系インフルエンサー・元下着販売員
ちーちょろす下着の魔法使い
インスタグラマー・manaおすすめ♡トレンドのカラースカートコーデ8選【2018秋】
ママ 会社員 インスタグラマー
mana
CanCam読者モデル愛用♡女子大生におすすめのファッション小物10選
CanCam読者モデル
谷山響
人気WEARISTAおすすめのメンズビッグTコーデ8選
インフルエンサー/WEARISTA/フリーモデル/ECディレクター/バイヤー
Deco
ファッションインスタグラマーおすすめ♡秋も使える夏服着回しコーデ7選【2018秋】
インスタグラマー
Mii
着付け講師が厳選！30代からのおすすめ浴衣や着物コーディネート7選
着付け講師/着物ブロガー
ayaaya
[服好き厳選]雨の日におすすめのレインファッションアイテム｜傘｜レインシューズ
暮らし系YouTuber
Amy エイミー
カテゴリから探す
家電
掃除機、冷蔵庫・冷凍庫、洗濯機
パソコン・周辺機器
デスクトップパソコン、Macデスクトップ、ノートパソコン
コスメ・化粧品
日焼け止め・UVケア、レディース化粧水、乳液
ビューティー・ヘルス
香水・フレグランス、健康アクセサリー、健康グッズ
生活雑貨
文房具・文具、旅行用品、筆記具・ペン
キッチン用品
食器・カトラリー、包丁、キッチン雑貨・消耗品
格安SIM
音声通話SIM、データSIM、プリペイドSIM
インターネット回線
ポケット型WiFi・モバイルルーター、ホームルーター、国内レンタルWi-Fi
クレジットカード・キャッシュレス決済
プリペイドカード、クレジットカード、スマホ決済
ローン・借入
カードローン、自動車ローン、住宅ローン
脱毛
脱毛サロン、メンズ医療脱毛、メンズ脱毛サロン
サービス
ネットスーパー・食材宅配サービス、資格スクール、レンタル・リース
就職・転職
転職サイト・エージェント、就活サイト・エージェント、バイト求人
投資・資産運用
FX、投資信託、証券会社
保険
生命保険、医療保険、がん保険
ウォーターサーバー
宅配水ウォーターサーバー、浄水型ウォーターサーバー、ペットボトルウォーターサーバー
ベビー・キッズ・マタニティ
おむつ・トイレ用品、おしりふき、粉ミルク・液体ミルク
食品
菓子・スイーツ、パン・ジャム、製菓・製パン材料
ドリンク・お酒
ビール・発泡酒、カクテル・チューハイ(サワー)、ワイン
アウトドア・キャンプ
燃料・ガスボンベ・炭、キャンプ用品、キャンプ用ベッド・コット
DIY・工具・エクステリア
電動工具、工具、計測用具
住宅設備・リフォーム
テレビドアホン・インターホン、火災警報器、ガスコンロ
インテリア・家具
布団・寝具、クッション・座布団、収納家具・収納用品
ペットフード ・ ペット用品
犬・猫共通用品、犬用品、猫用品
カメラ
デジタル一眼カメラ、デジタルカメラ、天体望遠鏡
スマホ・携帯電話・モバイル端末
携帯電話・スマホアクセサリ、au携帯電話、docomo携帯電話
車・バイク
自動車、カーナビ、カー用品
釣具・釣り用品
ルアー、釣り針、釣り糸・ライン
スポーツ用品
サッカー・フットサル用品、野球用品、ソフトボール用品
趣味・ホビー
楽器、おもちゃ、模型・プラモデル
アプリ
ゲームアプリ、ライフスタイルアプリ、ビジネスアプリ
テレビゲーム・周辺機器
ゲーム機本体、プレイステーション4(PS4)ソフト、プレイステーション3(PS3)ソフト
本・音楽・動画
動画・映像作品、本・雑誌、楽曲・音楽
ファッション
レディーストップス、レディースジャケット・アウター、レディースボトムス
靴・シューズ
スニーカー、サンダル、レディース靴
コンタクトレンズ
コンタクトレンズ1day、コンタクトレンズ1week、コンタクトレンズ2week
腕時計・アクセサリー
腕時計、アクセサリー・ジュエリー、ワインディングマシーン
ギフト・プレゼント
誕生日祝いのギフト、結婚祝いのギフト、仕事のギフト
旅行・宿泊
北海道のホテル・宿、東北のホテル・宿、関東のホテル・宿
セール・キャンペーン情報
Amazon、楽天、Yahoo!ショッピング
その他
アダルトグッズ
広告出稿のお問い合わせはこちらURL: https://www.buyma.com/contents/work-bag/?srsltid=AfmBOoo67O75sB3khHxUdlVwjn9IjoKqFDbHb76iNXA2iORxRBADBoD_
==================================================

今すぐ会員登録！
出品者募集中！
さん
さん
プレミアムメンバーズ
マイページTOPへ
ポイント
お問い合わせ
出品する
出品リスト
受注リスト
未読の指名リクエスト
関連度の高いリクエスト
購入リスト
ソク割り対象アイテムを見る
未読のレスポンス出品
世界中からさがす
出品する(パーソナルショッパー登録)
ログアウト
0
チェックリスト
お気に入り
お気に入りアイテム
フォローリスト
ブランドリスト
0
セール
レディース
人気カテゴリ
アウター
ショルダーバッグ
スニーカー
財布
アクセサリー
トートバッグ
ダウンジャケット
キーホルダー・キーリング
人気ブランド
HERMES
TOD'S
CELINE
MONCLER
PRADA
Max Mara
LOEWE
Maison Margiela
トレンドワード
Valextra 万能チェーンウォレット
Dior ハートネックレス
AMIRI バッグ
asics GEL-TRUCK
Heisan バックパック
GILA ARCHIVE
Celitails フリース
UNDO HAIRWARE ヘアクリップ
メンズ
人気カテゴリ
Tシャツ
パーカー・フーディ
ダウンジャケット
スウェット・トレーナー
スニーカー
ショルダーバッグ
アクセサリー
折りたたみ財布
人気ブランド
MONCLER
PRADA
adidas
HERMES
LOEWE
Maison Margiela
THE NORTH FACE
Nike
トレンドワード
バレンシアガ アウトレット
ノースフェイス 韓国ライン 圧倒的コスパ
爆安 OFF率70%以上アイテム
ハイブランド ニット
ナイキ×ステューシー パーカー
パフジャケット トレンド
ゴルフアイテム セール価格
秋冬 現地価格アイテム
ベビー・キッズ
人気カテゴリ
ベビー服(〜24ヶ月)
子供服(〜10歳)
大人も着られる子供服(12歳〜)
キッズアウター
キッズスニーカー
キッズリュック・バックパック
マザーズバッグ
おもちゃ・ベビートイ
人気ブランド
MONCLER
POLO RALPH LAUREN
UGG
MARNI
MM6 Maison Margiela
THE NORTH FACE
Nike
Bonpoint
トレンドワード
セレモニーウェア
SPEEDCAT｜ベビースニーカー
BEBE DE PINO × モンチッチ限定コラボ
THE NORTH FACE | キッズアウター
MONCLER ダウンジャケット
ナイキ・テックフリース
JACADI セール
名前入・キッズリュック
ライフスタイル
人気カテゴリ
レジャー・アウトドア・キャンプ
家具
キャラクターグッズ
スーツケース
キッチン用品
ペット用品
ベッドカバー・布団カバー
手帳・スケジュール帳
人気ブランド
Starbucks
POP MART
HERMES
PRADA
SSOOOK
COMANDANTE
UGG
Disney
トレンドワード
BONBON DROP(ボンボンドロップシール)
ぷくぷくシール
HELLO KITTY × JISOO
海外スタバ×バレンタイン
STANLEY
ディズニー｜パルパルーザグッズ
トラベルグッズ
韓国アウトドアグッズ・キャンプ用品
ビューティー
人気カテゴリ
オーラルケア
リップグロス・口紅
アイメイク
美容液・クリーム
香水・フレグランス
ボディ・ハンド・フットケア
スキンケア
メイクポーチ
人気ブランド
CHANEL
rhode skin
Dior
tamburins
Rare Beauty
Cyspera
Jo Malone
LELABO
トレンドワード
Dior / 新作リップバター
Kilian / フレグランス
rhode / リップティント
YSL / 人気リップ
Starface
SUMMER FRIDAYS
Maison Margiela
TAMBURINS
世界中からさがす
AIでさがす
会員限定
カテゴリ選択
ブランド選択
こだわり検索
BUYMAトップ
特集一覧
軽い＆A4・PC対応は当たり前！“本命” レディース通勤バッグ【2025年最新版】
毎日のように持ち歩くものだからこそ、通勤バッグはオシャレで可愛いものが欲しい！
パソコンやA4サイズ書類、お弁当箱が収納可能な大容量バッグや、軽量で嬉しいナイロンバッグなど、仕事用にぴったりな人気アイテムをご紹介。
ハイブランドからデイリーブランドまでBUYMAならではのランナップをぜひチェックしてください♪
01
RANKING
人気の通勤バッグランキング
02
POPULAR BRANDS
大定番！愛されブランド9選
03
LUXURY BRANDS
憧れハイブランド
04
FIND BY PRICE
価格別にチェック
05
FIND BY TYPES
タイプ別にチェック
RANKING
人気の通勤バッグランキング
1
タイムセール
Longchamp トートバッグ LE PLIAGE ENERGY L1512 HSR
¥35,112
24%OFF
Longchamp
2
タイムセール
TODS トートバッグ XBWTSBA0200Q8E レザー ポーチ付き
¥208,810
26%OFF
TOD'S
3
タイムセール
CELINE バッグ Mini Bucket Louise ルイーズ 10N473GH…
¥279,775
13%OFF
CELINE
4
★MAISON MARGIELA★5AC 2Way ミニバッグ S56WG0082 P…
¥160,600
55%off
Maison Margiela
5
マルニ トートバッグ レディース ブランド PVC MARNI …
¥54,800
31%off
MARNI
6
タイムセール
TODS ハンドバッグ Tタイムレス XBWTSBA9100Q8E レザ…
¥207,385
25%OFF
TOD'S
7
LONGCHAMP ハンドバッグ S 1621 089 LE PLIAGE TOP HA…
¥17,800
22%off
Longchamp
8
MM6 Maison Margiela トートバッグ 54wd0043-6444-801…
¥36,000
37%off
MM6 Maison Margiela
9
★Givenchy★ G ロゴ バーティカル ミニトートバッグ …
¥42,200
71%off
GIVENCHY
10
(PRADA) INE515 ナイロンショルダー　SMERALDO
¥128,000
57%off
PRADA
11
タイムセール
CELINE ハンドバッグ TEEN BUCKET CLARA 121673DPJ
¥265,905
22%OFF
CELINE
12
タイムセール
【新品同様】LOUIS VUITTON マルチカラー リタ バッグ…
¥239,200
20%OFF
Louis Vuitton
ランキングをすべて見る
POPULAR
BRANDS
大定番！愛されブランド9選
安定の人気ブランドで最愛バッグを見つけて。
Longchamp
ロンシャン
「ル・プリアージュ」をはじめとする実用的かつおしゃれなバッグを展開するロンシャン。コーティングキャンバスを使用した「シティ」は、パソコンやA4サイズの書類もすっぽり収まるまさに理想的なサイズ感！必需品を収納できる内ポケットも付いています◎
アイテム一覧
Tory Burch
トリーバーチ
ダブルTのロゴが印象的なトリーバーチ。「ペリー」は2つのコンパートメントと3つの内ポケット付いた収納力抜群なモデル。13インチのノートパソコンとA4サイズも収納可能。肩から掛けられる大容量バッグをお探しの方におすすめ。
アイテム一覧
MONOROW
モノロウ
リサイクルレザーを使用した今注目の韓国ブランド、モノロウ。アイコンバッグ「BLANC」はトレンドに左右されないミニマルなデザインとお値段以上の高いクオリティが支持されています。ラージサイズを選べばPCやA4サイズの書類も収納可能！マチが広く大容量なので、荷物が多い方にもおすすめのバッグです。
アイテム一覧
LUMEN
アトリエ・ド・ルメン
2021年に誕生したばかりの韓国ブランド、アトリエ・ド・ルメン。上質な素材を使用したバッグが2万円台から揃います！人気の「PANIER TOTE BAG」は、白ステッチがアクセントの高級感漂うデザイン。オフィスに馴染むシンプルで飽きのこないおしゃれなバッグが揃うので、ぜひチェックしてみてくださいね。
アイテム一覧
Coach
コーチ
手の届く価格で上質なバッグが手に入るコーチ。人気の「カーゴ トート」は、3サイズ展開で荷物の量に合わせて選べるのが嬉しい！タブレット収納可能なサイズから16インチのPCが入る大きめサイズまで揃います。ショルダーストラップ付きで肩掛けもできます。
アイテム一覧
FURLA
フルラ
シンプルで上品なバッグが人気のフルラは、A4サイズ収納可能モデルが豊富です。特に、リサイクルナイロンとレザーを組み合わせた「PIUMA」は、軽い＆大容量で通勤にぴったりのバッグ。ショルダーバッグとハンドバッグの2wayで持てるのも嬉しい◎
アイテム一覧
GIANNI CHIARINI
ジャンニ キアリーニ
ブランドのアイコンバッグ「マルチェッラ」は、通勤バッグとしておしゃれさんからも指名度が高いトレンドアイテム。スモールサイズでも13インチのPCが収納できるサイズ感です。ハンドルやパイピングがレザーなので、キャンバスバッグでもカジュアルになりすぎないところが嬉しい！コーデに合わせて選べる豊富なカラー展開も嬉しいポイント。
アイテム一覧
MARC JACOBS
マークジェイコブス
マークジェイコブスの定番デザイン「THE TOTE BAG」はキュートなマークが目印。キャンバス・ナイロン・本革など素材も豊富なので、好みやスタイルに合わせて選べます！カジュアルにもきれいめにも使え、あらゆるシーンで活躍するマルチバッグです。
アイテム一覧
HERVE CHAPELIER
エルベシャプリエ
舟形トートとして人気の高いフランス発エルベシャプリエ。リュクスライン「GP」シリーズではエレガントさをプラスしたトートバッグが揃い、通勤バッグにもぴったり。コーティング加工を施したキャンバス地は軽くて耐久性も◎
アイテム一覧
ワークバッグをすべて見る
LUXURY
BRANDS
憧れハイブランド
毎日使うものだから憧れのハイブランドバッグを選びたい！
カジュアルすぎず大人のワークバッグにぴったりの名品をピックアップ。
PRADA
プラダ
アイテム一覧
TOD'S
トッズ
アイテム一覧
The Row
ザ・ロウ
アイテム一覧
CELINE
セリーヌ
アイテム一覧
LOEWE
ロエベ
アイテム一覧
Stella McCartney
ステラマッカートニー
アイテム一覧
FENDI
フェンディ
アイテム一覧
Valextra
ヴァレクストラ
アイテム一覧
Chloe
クロエ
アイテム一覧
J & M Davidson
ジェイアンドエムデヴィッドソン
アイテム一覧
MARNI
マルニ
アイテム一覧
Jil Sander
ジルサンダー
アイテム一覧
ワークバッグをすべて見る
FIND
BY
PRICE
価格別にチェック
〜19,999円
20,000円
〜49,999円
50,000円
〜99,999円
100,000円〜
ワークバッグをすべて見る
FIND
BY
TYPES
タイプ別にチェック
A4サイズ収納
アイテム一覧
軽い/ナイロン素材
アイテム一覧
バックパック/
リュック
アイテム一覧
ショルダー/
斜め掛けバッグ
アイテム一覧
ワークバッグをすべて見る
for MEN
メンズビジネスバッグ特集はこちらから
通勤や仕事をおしゃれに。メンズビジネスバッグ&リュックの最強ブランド
RECOMMEND
おすすめの特集
【2025年秋冬レディースバッグ】人気ハイブランドランキング！かわいい＆おしゃれなトレンドバッグを大特集
【2025年最新版】レディース財布 人気ブランドランキング25選｜おすすめの可愛いハイブランドが勢揃い
おしゃれで高コスパ！トレンドの韓国ブランドバッグ16選
レディース「アウトレットセール」ハイブランドの財布やバッグが勢揃い
STYLE HAUS
スタイルハウス
世界中のリアルなトレンドがわかる
ファッションメディア
【THE ROW・マルゴー】に匹敵する美しいバッグ7選♡-次世代アイコンバッグ総覧
《国内旅行向け》「街歩きバッグ」おすすめ76選!-女性のおしゃれで実用的な持ち歩きバッグを厳選!
【30代レディース】韓国ブランド「バッグ・かばん」ランキング20選《2025年》
きれいめリュック人気No.1!Longchamp(ロンシャン)の「ルプリアージュ エナジー バックパック」
「The Row(ザロウ)」人気バッグ10選!-通勤バッグやお出かけにもおすすめなモデルを厳選!
【どれくらい入る?】ロンシャン「ルプリアージュ(Sサイズ)」 は全てが丁度いい完璧バッグ!
おすすめ記事をもっと見る
BRAND LIST
ブランドリスト
Longchamp
Tory Burch
MONOROW
LUMEN
Coach
FURLA
GIANNI CHIARINI
MARC JACOBS
HERVE CHAPELIER
PRADA
TOD'S
The Row
CELINE
LOEWE
Stella McCartney
FENDI
Valextra
Chloe
J & M Davidson
MARNI
Jil Sander
この特集をシェアする
特集一覧
SALE
ラストチャンス！在庫一掃ストッククリアランスセール！
2026/1/28
【iPhone17&16&15シリーズ対応】人気ハイブランドのおすすめ「スマホケース」
2026/1/26
【レディースアクセサリー】-人気ブランド27選-ハイブランドからプチプラまで
2026/1/26
【卒業式・入学式】セレモニーバッグ・フォーマルバッグ 2026年最新版
2026/1/19
SALE
2026年冬のファイナルセール！レディース人気ブランドのバーゲン開始！
2026/1/9
レディース「アウトレットセール」ハイブランドの財布やバッグが勢揃い
2025/12/22
レディース ニット・セーター おしゃれで大人可愛い人気ブランドランキング
2025/12/15
レディース「ネックレス」人気ハイブランドランキング
2025/12/8
2025年版 女性に贈るクリスマスプレゼント＆ギフト人気ブランド
2025/12/2
2026年 レディース人気ブランド福袋
2025/11/12
レディース マフラー かわいい＆おすすめの人気ブランド20選
2025/11/10
【2025年最新】UGG(アグ)レディース人気ムートンブーツ＆シューズ
2025/10/27
特集をもっと見る
商品をお探しなら
特集一覧
人気アイテムランキング
人気ブランドランキング
最新の出品商品
ブランド一覧
カテゴリ一覧
テーマ一覧
買付地一覧
リクエスト
パーソナルショッパー
パーソナルショッパーとは？
出品者になって売るには？
法人ショップ出店するには？
人気パーソナルショッパーランキング
プレミアムパーソナルショッパー
ショップ一覧
オススメコンテンツ
BUYMA CARD
BUYMA TRAVEL
ALL-IN（買取サービス）
STYLE HAUS
お困りの時は
ガイド
BUYMAスタートガイド
BUYMAかんたん購入ガイド
安心安全な決済方法
BUYMA偽物販売防止の取り組み
BUYMAサービスについて
アルバイト募集
特定商取引法に関する表記
利用規約
プライバシー
お客様情報の外部送信について
脆弱性報告
会社案内
©2005 Enigmo Inc. All rights reserved.
個人情報保護方針
プレミアムメンバーズのステージ継続期限が間近なお客様限定で特別クーポンプレゼント中！！
クーポンコード
#COUPON_CODE#
対象商品：#COUPON_LOWER_LIMIT_PRICE#円以上の全商品
割引金額：#COUPON_DISCOUNT#円
有効期限：2026年02月28日(土)終日まで
※お一人様一回のみご利用可能
対象商品を見る
プレミアムメンバー限定で特別クーポンプレゼント中！
クーポンコード
#COUPON_CODE#
対象商品：#COUPON_LOWER_LIMIT_PRICE#円以上の全商品
割引金額：#COUPON_DISCOUNT#円
有効期限：2026年02月28日(土)終日まで
※お一人様一回のみご利用可能
対象商品を見るURL: https://zozo.jp/women-category/bag/?p_keyv=%92%CA%8B%CE&srsltid=AfmBOoq5-0GFcmTIoj6uTny8rwiNzdpEQnMPRCBfjiuQo2DQLSoEQfji
==================================================

エラー: 403 Client Error: Forbidden for url: https://zozo.jp/women-category/bag/?p_keyv=%92%CA%8B%CE&srsltid=AfmBOoq5-0GFcmTIoj6uTny8rwiNzdpEQnMPRCBfjiuQo2DQLSoEQfjiURL: https://cooga-store.jp/c/column/ladies-bag/business-bag-brand?srsltid=AfmBOopLmSnXRkU_pqKZbuXSYPnSL1gS1drUEHCLl_Bgv_Yemh3gNUZx
==================================================

社会人女性に人気の通勤バッグブランドおすすめランキング特集！軽い&A4対応トートやお仕事リュック
cooga｜Josette（ジョゼット）
社会人としての品格や、大人の女性としてのたおやかな振る舞いを叶える「レディース通勤バッグ」をお探しの女性のみなさん。
こちらでは、収納力や軽さ、A4対応はもちろんのこと、
スーツスタイルやきれいめコーデにぴったりとハマるおしゃれな通勤バッグブランド人気ランキング＆特集
をお伝えしてまいります。
仕事用バッグとして人気のトートバッグや通勤リュックなどを厳選していますので、ぜひあなただけのお気に入りをゲットしてみてくださいね！
目次
社会人女性が選ぶ通勤バッグのポイント
社会人女性に人気の通勤バッグブランドランキング特集
レディース通勤バッグ定番ブランドランキング10選
女性の憧れ♡ハイブランド通勤バッグランキング12選
通勤や外回りに最適。人気トートバッグブランド8選
きれいめコーデに合う、通勤リュックブランド8選
社会人女性が選ぶ通勤バッグのポイント
cooga｜Dresser Tote（ドレッサー・トート）
バリキャリ女子に人気の通勤バッグの特徴は、
「A4サイズ」「軽量」「シンプルで上品」の3点。
PCやA4のファイルがすっきりと入る大きさで、軽量素材の本革レザーや高級ナイロンを採用した通勤バッグ
が、多くのはたらく女性に愛用されています。
通勤バッグは、持ち歩く時間が長く、1日の中で使用する頻度が高いため、身体に負担がかからないか、すぐに荷物を取り出せるか、十分に収納できるかがポイントです。
また、外回りの営業や、取引先への挨拶に持っていくバッグは、シンプルで上品なデザインが◎。
ブランドやロゴの主張が控えめで、バッグの素材や仕立てで品のよさを演出するのがおすすめ
です。
人気のカラーは、ブラックやネイビー、グレージュなど、ベーシックな色味。
スーツやオフィスカジュアルといったきれいめスタイルにフィットしやすいですよ。
仕事用のバッグを選ぶときは、『使いやすさ』と『デザイン性』に注目して見ると良いでしょう。
社会人女性に人気の通勤バッグブランドランキング特集
ではさっそく、社会人女性に人気のレディース通勤バッグブランドランキング＆特集をお伝えしてまいります！
定番人気のバッグブランド・憧れのハイブランドから、通勤バッグにおすすめのトートバッグやリュックをご紹介していますので、ぜひ最後までご覧ください。
レディース通勤バッグ定番ブランドTOP10
まずは、レディース通勤バッグ人気おすすめランキングTOP10をご紹介します。
多くの女性に愛用されている通勤バッグブランドをチェックしたい女性は、必見です！
1. GIANNI CHIARINI（ジャンニ キアリーニ）
GIANNI CHIARINI公式サイト（https://www.giannichiarini.co.jp/）より
マルチェッラ S
価格帯：
38,000円～87,000円
イタリアのクラフトマンシップを感じる、大人女性のための通勤バッグ
主張しない上質さから静かな高級感が香り立つ、大人の女性のデイリーバッグにおすすめなジャンニ・キアリーニ。
アイコンバッグは、キャンバス地にレザーの縁取りをした「マルチェッラ」シリーズです。
A4サイズ対応＋マグネット開閉ポケットで、パソコンもすっぽりと入りますよ。
どのアイテムもさり気なく個性的で、きれいめスタイルの主役になるような、イタリアブランドならではのセンスが光ります。
バッグにちょっとひねりを加えたい、とお考えの方におすすめの仕事用バッグです。
2. VIOLAd’ORO（ヴィオラドーロ）
VIOLAd’ORO公式サイト（https://violadoro.jp/）より
イタリアンWフェイスレザートートバッグ
価格帯：
23,000円～39,600円
ミラノに磨かれた感性×日本の職人技で生み出すバッグ
ベーシックなデザインの中に旬のエッセンスを取り入れたスタイルで人気のヴィオラドーロ。
バッグメーカーに生まれ、アパレルメーカーやイタリア・ミラノの有名ショップで感性を磨いたオーナー山田真裕氏によって立ち上げられた日本製バッグブランドです。
日本ではあまり見ない色あいや素材の質感がとてもおしゃれで、通勤のアクセントにもぴったり！
シンプルベーシックな装いに一点投入したい、名作揃いの仕事用バッグです。
3. LONGCHAMP（ロンシャン）
LONGCHAMP公式サイト（https://www.longchamp.com/jp/ja/）より
ル プリアージュ® オリジナル M
価格帯：
12,000円～180,000円
カジュアルさときちんと感のある軽量トートバッグが女性に人気
1948年にラグジュアリーブランドとしてパリで創業した「ロンシャン」は、世界80か国に店舗を構えるユニバーサルなブランドです。
ロンシャンの代名詞とも言われる折り畳み可能な「ル・プリアージュ」シリーズは誰しも一度は目にしたことがある程人気のバッグラインです。
「ル・プリアージュ® オリジナル M」も重さ369gと軽量ながらも、高級感を併せ持った大人女性にふさわしい仕上がりに。
カジュアルさの中にもきちんと感が欲しい女性におすすめしたい仕事用バッグです。
4. Tod’s（トッズ）
Tod’s公式サイト（https://www.tods.com/jp-ja/home/）より
トッズ Di バッグ フォリオ レザー バッグ
価格帯：
160,600円～476,300円
近年、海外セレブや芸能人を中心に人気のファッションブランド
1979年に始まった「トッズ」は、バッグはもちろん靴や服も扱うイタリアの高級ファッションブランドです。
トッズからご紹介する仕事用バッグは、モダンでラグジュアリーなデザインなので、プライベートはもちろんビジネスシーンにも使えるバッグとして人気。
落ち着いた雰囲気やデザイン、上質な素材のブランド通勤バッグを選びたい女性におすすめですよ。
5. Tory Burch（トリーバーチ）
BUYMA公式サイト（https://www.buyma.com/）より
ペリー ミディアム トート
価格帯：
19,000円～78,500円
海外セレブにも愛用者多数の人気メゾン
2004年、ニューヨークで誕生した「TORY BURCH（トリーバーチ）」。
キャメロン・ディアスやジェニファー・ロペス、パリス・ヒルトンなど、多くのセレブ女優も御用達のブランドです。
トリーバーチの仕事用バッグは、流行に左右されず幅広いシーンに合わせられるタイムレスなデザインが魅力の一つ。
モロッコ建築から着想を得たという、ダブルTロゴが目を引きます。
上品さと程よい高級感がありつつ、購入しやすい価格帯で展開している点も女性に人気のポイントですよ。
6. BALENCIAGA（バレンシアガ）
BALENCIAGA公式サイト（https://www.balenciaga.com/ja-jp）より
Biarritz トートバッグ ラージ
価格帯：
139,700円～599,500円
時代に合わせて進化するラグジュアリーストリート
BALENCIAGA（バレンシアガ）は、1917年にスペインで創業されました。
スニーカーやキャップなどが若年層から支持されているため、ストリートブランドというイメージが強いかもしれませんが、実は創業から100年以上の歴史がある老舗ラグジュアリーブランドです。
ブランドロゴが型押しで控えめにあしらわれた、主張しすぎない品のある雰囲気が魅力のBALENCIAGA（バレンシアガ）の通勤トートバッグ。
シンプルだけどエッジの効いたデザインは、バレンシアガらしさを感じる強くてエレガントな装いですね。
7. COACH（コーチ）
COACH公式サイト（https://japan.coach.com/）より
ウィロウ トート カラーブロック ウィズ シグネチャー キャンバス インテリア
価格帯：
19,800円～154,000円
きれいめスタイルからカジュアルコーデまで、多様なファッションに合わせやすい
1941年に革小物の工房としてアメリカのニューヨークで誕生し、上品なデザインとお手ごろな価格帯で支持されているコーチ。
高級感のある素材感や色合わせに定評があり、はたらく女性にも愛用者の多いブランドです。
ラインナップも豊富で、きれいめスタイルからカジュアルコーデまで、多様な装いに合わせやすいのも魅力的。
機能性や耐久性にも優れているので、日常使いもできる仕事用バッグとして女性に人気があります。
8. ÉPOR（ロペ エポール）
epoi公式サイト（https://www.epor-jp.com/）より
Y BAG Large
価格帯：
6,000円～30,000円
ノーブルで洗練された印象がお仕事シーンにも◎
現代の働く30代女性に向けて、洗練された佇まいと使い勝手の心地よさを両立したアイテムを提案しているÉPOR（ロペ エポール）。
張りのあるレザーの質感にはノーブルな印象があり、ビジネスシーンにもぴったりなアイテムを多く手掛けます。
ブランドのアイコンは、ちらりと見えるサイドカラーに洗練と遊び心を感じる「Y Bag」シリーズ。
ハンドルの付け根にきらめく丸い金具が印象的で、街で見かけることも多い名作。
サイズやカラーの展開も幅広く、ご自身の定番スタイルに合わせてバッグを選べるのも◎。
手頃な価格帯で、きれいめの仕事用バッグをお探しの方におすすめです。
9. MM6 Maison Margiela（エムエムシックス メゾン マルジェラ）
MM6公式サイト（https://www.maisonmargiela.com/ja-jp/mm6/）より
「ジャパニーズ」バッグ クラシック ミディアム
価格帯：
38,500円～253,000円
折り紙に着想を得てデザインされた、大ヒットアイコンバッグ
日本の折り紙から着想を得たという「MM6 Maison Margiela（エムエムシックス メゾン マルジェラ）」のアイコンバッグ。
大変人気で、サイズや素材に変化のある新作が次々に登場するシリーズですが、こちらはカーフレザーで仕立てたジャパニーズバッグです。
これからの季節に、涼やかな印象で持てるブランド通勤バッグは、ひとつ手にしていて大変便利ですし、沢山ものを入れられるバッグが軽やかなのも嬉しいですよね。
10. Chloe（クロエ）
Chloe公式サイト（https://www.chloe.com/jp）より
価格帯：
173,800円～297,000円
優美な女性らしさと自由気ままなリラックス感が魅力のブランド
女性らしい優美な曲線やボーイッシュで屈託の無い雰囲気が魅力的な「Chloe（クロエ）」。
シンプルでナチュラル、ヘルシーでリラックス感もある、そんな「たおやかな女性らしさのなる大人可愛いデザインのブランドバッグ」は女性から支持されています。
柔らかなカラーや自然派の装いを好む方におすすめのレディース通勤バッグブランドです。
女性の憧れ♡ハイブランド通勤バッグTOP12
つづいてご紹介するのは、持っているだけでテンションが上がるハイブランドの通勤バッグ♡
女性なら誰もが憧れる有名ハイブランドから、通勤にぴったりの軽くておしゃれな仕事用バッグを厳選しました。
1. PRADA（プラダ）
PRADA公式サイト（https://www.prada.com/jp/ja.html）より
ラージ ソフトルックスレザー トートバッグ
価格帯：
335,500円～671,000円
1913年、ミラノ生まれの老舗メゾンラグジュアリーブランド
三角形のロゴプレートがアイコニックなPRADA（プラダ）は、1913年にミラノに生まれたラグジュアリーブランド。
現在は、創業者の孫娘にあたるミウッチャ・プラダ女史がブランドを率い、トップブランドのひとつとして愛されています。
そんなプラダの仕事用バッグは、可愛らしさの中にオトナ女子でも安心して持てるきちんと感があり、持つだけで女性としての魅力をそっと引き立てるような名品が揃っています。
2. Valextra（ヴァレクストラ）
Valextra公式サイト（https://www.valextra.jp/）より
２ハンドル ミラノバッグ ミディアム
価格帯：
242,000円～781,000円
最上級の素材と職人技が生み出す「イタリアのエルメス」
1937年ミラノ発の最高峰レザーブランド、ヴァレクストラ。
厳選された素材のみを使用し、製造は全て熟練した職人の手で行うというこだわりから「イタリアのエルメス」とも称されます。
ロゴを一切使わないミニマルでさりげないデザインからは、ラグジュアリーに対する揺るぎない美学が感じられ、作品には、端正という言葉がぴったり。
洗練された大人の女性に、ぜひとも迎えて頂きたい逸品揃いのお仕事バッグブランドです。
3. The Row（ザ・ロウ）
The Row公式サイト（https://www.therow.com/ja-jp）より
Marlo 12 レザー製のトートバッグ
価格帯：
130,320円～1,280,000円
クワイエットラグジュアリーの代名詞的存在。さりげないブランドバッグ
シンプルでありながら洗練されたデザイン、完璧なフィット感、そして上質な素材を使用することで知られる「The Row（ザ・ロウ）」。
女優のオルセン姉妹によって2006年に設立され、一気に憧れのハイブランドとして評価されることとなりました。
ブランドのロゴやブランド名の刻印は全く無いか非常に控えめで、『良いものは目印がなくてもわかる』、という考え方を体現しています。
クワイエットラグジュアリーの代名詞的存在として真っ先に名前が挙がるほど、多くの女性に愛されている通勤バッグブランドです。
4. CELINE（セリーヌ）
CELINE公式サイト（https://www.celine.com/ja-jp/home）より
ミディアム カバ アナイス キュイル トリオンフ
価格帯：
130,000円～450,000円
スタイリッシュな大人可愛いを実現する、セリーヌのブランドバッグ
「セリーヌ」は、1945年に子供の高級靴を扱うブランドとしてフランスで創業した、ラグジュアリーブランドです。
上品さ・機能性・実用性に優れたそのスタイルから、キャリアウーマンから海外セレブまで幅広い年代・職種の女性の間で人気を博しています。
セリーヌの仕事用バッグは、サッと持つだけでコーディネートがエレガントに決まるため、スタイリッシュな印象をお好みの女性にもおすすめですね。
5. JIL SANDER（ジル・サンダー）
JIL SANDER公式サイト（https://www.jilsander.com/ja-jp/）より
Cannolo トートバッグ
価格帯：
217,800円～819,500円
洗練された“さりげない”デザインが、所有欲を満たしてくれる
1968年にイタリア・ミラノで設立、クワイエットラグジュアリーを体現する高級ブランド「JIL SANDER（ジル・サンダー）」。
設立当初からミニマルなデザインを貫き、無駄のない美しいシルエットと高級感のある素材を融合させたシャープなスタイルのブランドバッグは、男女を問わず人気を集めています。
一生モノのレディース通勤バッグを買うにふさわしいメゾンですね。
6. GOYARD（ゴヤール）
BUYMA公式サイト（https://www.buyma.com/）より
サン・ルイPM バッグ
価格帯：
サイト記載なし
一筆一筆描かれるアイコニックなテキスタイル
1792年まで遡ることができる歴史の中で、王侯貴族や名だたる著名人に愛されてきたゴヤール。
いつかは購入したい、と憧れを抱いている方も多いメゾンです。
コットンと麻で織られ、特殊なコーティングを施したゴヤール・ディン・キャンバスを使用した「サン・ルイPM バッグ」は、ブランドを代表するパターン・テキスタイルで彩られ、完全リバーシブルという珍しい造りになっています。
また、重さわずか280gと非常に軽い仕立てのため、軽量なハイブランドの仕事用バッグをお探しの女性におすすめしたい名品です。
7. LOUIS VUITTON（ルイ・ヴィトン）
LOUIS VUITTON公式サイト（https://jp.louisvuitton.com/jpn-jp/homepage）より
ネヴァーフル PM
価格帯：
220,000円〜1,400,000円
世界に名だたる最高級メゾン。フランスのラグジュアリーブランド
ルイ・ヴィトンは、最も有名なラグジュアリーブランドのひとつ。
1854年の創業当時は、王室からも注文を受ける旅行用トランクの専門店だったこともあり、ハイブランドの中でも革小物を得意としているブランドです。
ルイ・ヴィトンといえば、代表的なモノグラムの仕事用バッグ。
スタンダードなトートバッグは重さ490gと軽量のため、ハイブランドの中からレディース通勤バッグをお探しの方はぜひチェックしてみてはいかがでしょう。
8. Stella McCartney（ステラマッカートニー）
Stella McCartney公式サイト（https://www.stellamccartney.com/jp/ja/）より
ロゴ トップハンドル クロスボディ トートバッグ
価格帯：
89,100円～199,100円
ロゴで“大人可愛い”を作る、カジュアルなお仕事バッグ
2001年にロンドンで誕生した「Stella McCartney（ステラマッカートニー）」は、設立当初からノーレザー、ノーファー、ノーフェザーの姿勢を貫き、地球環境保護や動物愛護の取り組みに積極的なことで知られるブランド。
サスティナブルやエシカルのパイオニアともいえるブランドです。
トレンドのトートバッグの前面には穴のあいたStella McCartney（ステラマッカートニー）のロゴを配置したデザイン。
コロンと丸みのあるコンパクトサイズの仕事用バッグは、使うほどに愛着の湧く一品です。
9. MARNI（マルニ）
MARNI公式サイト（https://www.marni.com/ja-jp/）より
グリーン ラフィアエフェクトスモール トートバッグ
価格帯：
103,400円～464,200円
新鮮で大胆な色合わせのバッグは、スパイシーでエレガント
1994年、イタリア・ミラノ生まれのラグジュアリーブランド、マルニ。
きれいめな雰囲気の中に、エッジィでスパイシーな毒っけをほんのちょっぴり感じるような、絶妙なカラー選びが魅力的なメゾンです。
独特な空気感のあるレトロなニュアンスの色や柄、素材を組み合わせた表現は、マルニらしさとして多くのファンに愛されています。
新鮮で大胆な色合わせは、眺めているだけでも楽しいほど。
アイコニックなカラーの仕事用バッグをお探しなら、この機会にぜひご覧ください。
10. Saint Laurent（サンローラン）
Saint Laurent公式サイト（https://www.ysl.com/ja-jp）より
LE 5 À 7 BEA（ソフトディアスキン）
価格帯：
330,000円～616,000円
普遍的で色褪せないスタイルを打ち立てた天才デザイナーが仕立てるバッグ
フランスのファッションデザイナーであるイヴ・サン＝ローランと、恋人で資産家のピエール・ベルジェによって、1961年に創設された世界的高級ファッションブランド。
「シースルー」をレディースファッションに取り入れるなど、新しい女性の装いを提案し続けたことで知られているイヴ・サンローラン。
そのデザインは、クールかつ、エレガント。
凛として美しく、かっこいいアイテムが多いので、自立した女性にぴったりの通勤バッグブランドです。
11. LOEWE（ロエベ）
LOEWE公式サイト（https://www.loewe.com/jap/ja/home）より
カーフスキン パズルフォールドトート
価格帯：
50,000円〜1,300,000円
革の素晴らしさに定評のあるスペイン王室御用達のバッグブランド
スペイン王室御用達も賜るロエベは、格式高い老舗のバッグブランドとして広く知られる大変有名なラグジュアリーブランド。
ファッションがお好きな方から非常に評価が高いブランドですが、最近はひろく人気が高まりつつあり、街中でアイテムを見かけることも多くなってきていますよね。
なんといっても革の素晴らしさに定評があり、最高級レザーで仕立てられるアイテムはどれも永く愛せる一生ものばかり。
「本当に良い革で仕立てた、一生モノの通勤バッグを選びたい」という女性におすすめです。
12. FENDI（フェンディ）
FENDI公式サイト（https://www.fendi.com/jp-ja/）より
Fendi Origami ミディアム
価格帯：
280,500円〜1,100,000円
クラシカルな気配が、おしゃれで今っぽいブランドバッグが見つかる
1925年、ローマで革製品の店として誕生したフェンディ。
永く愛されてきたハイブランドですが、ここ数年多くの女性から注目を集めています。
トレンドのフォルムや色使いの中にクラシカルなモチーフを配したデザインが個性的で、今っぽいおしゃれさに目を惹きます。
ブランドのアイコンにもなっているダブルFの「ズッカ柄」バッグもセンスがいいと好評。
通勤や外回りにも最適。人気トートバッグブランド8選
こちらでご紹介するのは、通勤バッグの定番でもあるA4サイズの人気トートバッグ。
PCやファイルがすっきりと収納できて、荷物の出し入れもしやすいトートバッグは、一つ目のレディース通勤バッグにもおすすめですよ。
cooga（クーガ）
Dresser Tote（ドレッサー・トート）
価格：
49,500円
（税込）
通勤コーデにも似合う黒。10ポケットで整頓上手なトートバッグ
「こんな抜け感のある黒が欲しかった」「さらに持ちやすくなった」とのお声を多数いただいている、ニュアンスのあるcooga（クーガ）のトートバッグ。
10ポケットで整頓のしやすさはバツグン！A4サイズのPCやファイルが入る大きさでわずか500gの軽やかな持ち心地も嬉しい！
仕事もプライベートもおしゃれの手を抜きたくない女性にぴったりの仕事用バッグです。
≫商品ページで詳しく見る
MICHAEL KORS（マイケルコース）
MICHAEL KORS公式サイト（https://www.michaelkors.jp/）より
RUTHIE サフィアーノ レザー トート ミディアム
価格帯：
17,000円～103,000円
ラグジュアリーで落ち着きのあるきれいめお仕事バッグが揃う
1981年アメリカ生まれのマイケル・コースは、ラグジュアリースポーツウェアで一躍人気となったファッションブランド。
都会的なスタイルにスポーティで気楽な心地よさを取り入れ「持つ人をグラマラスに引き立てつつもエフォートレスな装い」を提案しています。
アイテムは、どんなシーンにも品よく馴染む程よいラグジュアリー感があり、落ち着きあるきれいめスタイルの装いを好む女性におすすめ。
ラインナップも豊富で、普段使いしやすい仕事用バッグも多く取り揃えているので、ぜひ一度ご覧になってみてください。
FURLA（フルラ）
FURLA公式サイト（https://www.furla.com/jp/ja/）より
1927 トートバッグ L
価格帯：
31,000円～116,000円
フェミニンときちんと感が叶う♡北イタリア・ボローニャ発の通勤バッグ
派手すぎずシンプル過ぎず、品よくフェミニンなデザインに定評があり、日本でも幅広いスタイルの女性たちから支持されている、FURLA（フルラ）。
アイコニックな「アーチロゴ」は、イタリア本社のシンボルであるアーチをデザインに落とし込んだもの。
新作の金具などでもよく見かける意匠ですので、仕事用バッグをチェックする際には、ぜひ注目してみてくださいね。
epoi（エポイ）
epoi公式サイト（https://www.epoi-jp.com/）より
リツティー トートバッグ
価格帯：
27,000円～110,000円
控えめに個性的で、バランス感がちょうどいい
2004年にスタートしたエポイは、最高級の革小物を手掛ける日本の老舗AJIOKA.が手掛けるレザーブランド。
ミニマルながら他ではあまり見たことがない、そんなデザインに出会えます。
透明感のあるニュアンスカラーや鮮やかで深い色あいなど、カラーラインナップも豊富かつ特徴的。
他と被らない個性と控えめな奥ゆかしさを両立した仕事用バッグは、感性の磨かれた女性のみなさんにも響くはず。
ace.（エース）
ace.公式サイト（https://store.ace.jp/shop/default.aspx）より
Jewelna Rose グレタ ナイロントートバッグ A4
価格帯：
10,000円〜61,000円
ナイロン製バッグを日本で初めて開発した老舗バッグブランド
1940年創業のace.（エース）は、お手ごろな価格帯とビジネスシーンで使いやすい無難なデザインが人気の、日本を代表するビジネスバッグブランドのひとつです。
今では多く見られる、ナイロン製の軽いバッグを日本で初めて開発したブランドとしてもひろく知られています。
エースの仕事用バッグは、すっきりと洗練されたきれいめデザインのアイテムが多くあるので、品よくスマートに振る舞いたい大人の女性にふさわしい逸品が揃っていますよ。
russet（ラシット）
russet公式サイト（https://www.palcloset.jp/russet/）より
ナイロンお仕事トートバッグ
価格帯：
11,000円～40,700円
上品なモノグラム＆ナイロンバッグが女性に人気
ラシットは、複数のアパレルブランドを展開する株式会社パルが手掛け、全国に52店舗を構える人気のバッグブランド。
軽さや機能性に優れた、高級感のあるナイロン素材の仕事用バッグが人気です。
品よく美しいモノグラムデザインは高級感のあるツヤっとしたナイロンと特に相性がよく、落ち着いた大人の女性の装いに華やかさを添えてくれます。
agnès b.（アニエス・ベー）
agnès b.公式サイト（https://www.agnesb.co.jp/top/CSfTop.jsp）より
ナイロン ミディアム トートバッグ
価格帯：
25,300円～110,000円
フレンチ×カジュアルのレディースブランドといえば
1975年フランス発のファッションブランド、アニエス・ベー。
ベーシックなデザインのアイテムを多く手掛け、フレンチ・カジュアルの定番として愛されてきました。
ブランドロゴをそっと添えたクールなデザインを街で見かけることも多いですよね。
ブラック、ホワイトを中心とした色合いはどんなスタイルにも合わせやすく、ユニセックスにお使いいただけるアイテムも多数あり、シンプルでおしゃれな仕事用バッグをお探しの女性におすすめです。
土屋鞄製作所
土屋鞄製作所公式サイト（https://tsuchiya-kaban.jp/）より
ルフープ ナイロントート Large
価格帯：
14,300円～170,500円
上質なアイテムを仕立てる日本の鞄ブランド
1965年、ランドセル作りからスタートした日本のバッグブランド、土屋鞄製造所。
シンプルで重厚感のある「これぞ革小物」という印象のアイテムを手掛けることで有名です。
ラインナップが豊富で、レザー以外にもナイロンバッグの種類もあり、レディース・メンズの隔てなくユニセックスにお持ちいただけるアイテムが多く揃います。
レザーアイテムがお好きな方にはもちろん、身の回りのものは「シンプルで上質なもの」をお選びになっているという方にもおすすめしたい仕事用バッグです。
きれいめコーデに合う、通勤リュックおすすめブランド8選
ここからは、きれいめコーデにぴったりの通勤リュックブランドをご紹介していきます。
両手が空いて身軽に動ける便利なビジネスリュックは、女性の愛用者もたくさんいるのでお仕事用バッグにおすすめですよ。
cooga（クーガ）
ファシル
価格：
42,900円
（税込）
撥水＆A4もOK！高級感があってふわりと軽いレディース通勤リュック
ジャケットの色合いや、通勤、オフィスなど、様々なシーンを考えて作られたオリジナルカラーで、落ち着いた印象のレディースリュックを展開する「Cooga（クーガ）」。
こちらのFacile（ファシル）も、軽くて撥水性の高いナイロン生地に、エナメルクロコ型で仕立てたホーススキンが魅力。
仕事用バッグには軽さを求めたいけれど、品の良さやきちんと感は外したくないという大人の女性に人気があります。
≫商品ページで詳しく見る
TOPKAPI（トプカピ）
高島屋公式サイト（https://www.t-fashion.jp/）より
RIPPLE リプル A4 トートリュック
価格帯：
9,350円～20,020円
自然体の美しさが引き立つ、上質ベーシック。
主張しないベーシックなデザインとシンプルな素材の良さで人気のブレストプカピ。
都会的なあか抜け感も叶うのが嬉しい、頼れるおしゃれなレディースリュックと出会えます。
清潔感のあるこざっぱりとした雰囲気は、スーツやきれいめコーデとの相性もぴったり！
毎日気兼ねなく使える丈夫な素材にこだわりがあり、素材・デザインによってシリーズが分けられています。
それぞれに特徴的なので、お好みの仕事用バッグを見つけてみるのもおすすめですよ。
TUMI（トゥミ）
TUMI公式サイト（https://www.tumi.co.jp/）より
「ラムゼイ」バックパック
価格帯：
53,790円～140,800円
機能性抜群のベーシックなリュックに出会える
1975年アメリカで生まれたトゥミは、1980年代からはトラベルバッグの成功で有名になったブランドです。
アイテムは手にする人の使いやすさを第一に考えて作られていて、今では世界中のビジネスパーソンやトラベラーに愛されています。
トゥミの通勤リュックには、PCを保護するクッションが付いているものが多いので、ビジネスシーンでPCを日常的に持ち歩く女性はぜひチェックしてみてくださいね。
Legato Largo（レガートラルゴ）
キャロット公式サイト（https://www.carrot-online.jp/）より
縦型A4リュック
価格帯：
3,850円〜7,260円
かるさをコンセプトに、150万人に選ばれたきれいめ通勤バッグ
バッグブランド「Legato Largo（レガートラルゴ）」のかるいかばんシリーズは、その名前の通り軽さを追求してバッグづくりをしています。
合成皮革を使用していて非常にリーズナブルですが、ほどよいハリ感とやわらかさで高級感も感じられるバッグを手掛けています。
シンプルなデザインと鮮やかで豊富なカラーが魅力的で、選びやすく使いやすいリュックが揃うのも注目のポイント。
普段使いのアイテムとして気軽に扱える『きれいめの通勤リュック』をお探しの女性であれば、ぜひ検討していただきたいです。
marimekko（マリメッコ）
marimekko公式サイト（https://www.marimekko.jp/）より
Buddy バックパック
価格帯：
28,600円～52,800円
マリメッコの定番といえば黒のきれいめ×お仕事リュック
1951年創業のフィンランドを代表するデザインハウス、マリメッコ。
ひと目でそれとわかる、個性的な花がらと鮮やかな色合いで人気を博しています。
エプロンなどのファブリックアイテムが特に有名なブランドですが、実は仕事用バッグも人気。
定番カラーのブラックで仕立てたきれいめリュックのほかに、マリメッコらしいプリントファブリックのアイテムもおすすめです。
anello（アネロ）
キャロット公式サイト（https://www.carrot-online.jp/）より
≪CROSS BOTTLE≫ 口金リュック
価格帯：
6,500円〜15,000円
口金リュックがアジア圏でも大ヒット
誰もが一度は目にしたことがある、と言っても過言ではない個性的なデザインの口金リュック。
ファスナーを開けると大きく開く口が非常に使いやすく、日本だけでなく、台湾や香港、帯、フィリピンなどアジア圏を中心に人気を博しています。
そんなヒット作を持つアネロには、軽くて機能性に優れた仕事用バッグが多数ラインナップ。
カジュアルなスタイルに合わせやすいアイテムが多く、気軽に取り入れられる価格帯なのも大人の女性に人気のレディース通勤リュックです。
Moncler（モンクレール）
Moncler公式サイト（https://www.moncler.com/ja-jp/）より
New Trickバックパック
価格帯：
100,000円～253,000円
機能性とラグジュアリーが融合したモダンな大人リュック
1952年、フランス・グルノーブル郊外のモネスティエ・ドゥ・クレルモン（Monestier-de-Clermont）で創業したブランド「Moncler（モンクレール）」。
当初は登山や極地探検用の装備を作るメーカーとしてスタートしましたが、2003年にレモ・ルッフィーニ氏がブランドを再編し、ラグジュアリーブランドへと進化しました。
Moncler（モンクレール）のレディース通勤リュックは、登山ブランドのDNAを受け継ぎ、軽量かつ丈夫で長時間背負っても疲れにくい性能を備えています。
ミニマルな見た目ながらも光沢のあるナイロンやレザーを使い、洗練されたデザインが魅力。
カジュアルでもビジネスシーンでも浮かない『上品な存在感』がありますね。
THE NORTH FACE（ザ・ノース・フェイス）
THE NORTH FACE公式サイト（https://www.goldwin.co.jp/store/brand/tnf/）より
ベースキャンプボイジャーデイパックS
価格帯：
3,190円～30,800円
都市生活にも馴染むシンプルさを備えたアウトドアブランドのデイパック
ボックスシルエットで大きめサイズのバックパックが人気の「THE NORTH FACE（ザ・ノース・フェイス）」。
1966年にサンフランシスコで創業した、マウンテンスポーツの専門店がそのルーツです。
今回ご紹介する仕事用バッグは、軽くて日常使いに程よい大きさのデイパック。
生粋のアウトドアブランドらしい背負い心地や使い心地の良さ、軽さ、タフさにこだわって作られ、都市生活にも馴染むシンプルさを兼ね備えたレディース通勤リュックです。
おわりに
仕事用のバッグを選ぶなら、各バッグブランドの『こだわりポイント』にも注目したいところ。
品質の良さはもちろんですが、デザインや機能性といった細部にまで配慮がほどこされたブランドバッグは、日々の通勤や休日のお出かけ外出を快適に、そしてスマートに演出してくれます。
シンプルだけど洗練されたデザイン、肩がけや自立など使いやすさを考えたディテール、そして長く愛用できる耐久性。
そんな、大人女性の仕事スタイルに寄り添う通勤バッグを選ぶことで、毎日の気分にも自然とハリが出てきそうですね。
上質なブランド通勤バッグは、はたらくすべての女性の自信を支えてくれる存在です。